[2026-05-10 07:21:29] waiting for attention_kramar to finish...
[2026-05-10 07:22:29] attention_kramar still running
[2026-05-10 07:23:29] attention_kramar still running
[2026-05-10 07:24:29] attention_kramar still running
[2026-05-10 07:25:29] attention_kramar still running
[2026-05-10 07:26:29] attention_kramar still running
[2026-05-10 07:26:29] attention_kramar done
 3 files changed, 67 insertions(+)
 create mode 100644 FINALIZE.log
 create mode 100755 run_finalize.sh
To github.com:Saladino93/mechhack.git
   c82af20..6dcf14e  main -> main
[2026-05-10 07:26:30] waiting for combined probe...
 create mode 100644 experiments/29_pleshkov_causality_omar/edits_pleshkov_scored.jsonl
 create mode 100644 experiments/29_pleshkov_causality_omar/score_pleshkov.py
 create mode 100644 logs/pleshkov_score.log
To github.com:Saladino93/mechhack.git
   6dcf14e..3258e1c  main -> main
[2026-05-10 07:41:03] launching P1 (gradient edit rollouts)
Terminated
 5 files changed, 197 insertions(+), 18 deletions(-)
 create mode 100644 experiments/26_probe_gradient_edits_omar/gradient_rollouts.jsonl
 rewrite logs/p1_gradient_rollouts.log (86%)
To github.com:Saladino93/mechhack.git
   993f0d8..8644ff5  main -> main
 3 files changed, 71 insertions(+)
 create mode 100644 logs/compute_robustness_v2.log
 create mode 100644 logs/p3_p4_v2.log
To github.com:Saladino93/mechhack.git
   8644ff5..929fe4c  main -> main
[2026-05-10 08:59:53] ===== FINALIZE complete =====
