[2026-05-09 21:34:24] waiting for master pipeline to finish (Phase 3a → 3b → 3c → 4)...
[2026-05-09 21:35:24] waiting... rollouts=333; kramar layer dirs=2
[2026-05-09 21:36:24] waiting... rollouts=336; kramar layer dirs=2
[2026-05-09 21:37:24] waiting... rollouts=338; kramar layer dirs=2
[2026-05-09 21:38:24] waiting... rollouts=340; kramar layer dirs=2
[2026-05-09 21:39:24] waiting... rollouts=342; kramar layer dirs=2
[2026-05-09 21:40:24] waiting... rollouts=344; kramar layer dirs=2
[2026-05-09 21:41:24] waiting... rollouts=345; kramar layer dirs=2
[2026-05-09 21:42:24] waiting... rollouts=347; kramar layer dirs=2
[2026-05-09 21:43:25] waiting... rollouts=348; kramar layer dirs=2
[2026-05-09 21:44:25] waiting... rollouts=348; kramar layer dirs=2
[2026-05-09 21:45:25] waiting... rollouts=349; kramar layer dirs=2
[2026-05-09 21:46:25] waiting... rollouts=350; kramar layer dirs=2
[2026-05-09 21:47:25] waiting... rollouts=350; kramar layer dirs=2
[2026-05-09 21:48:25] waiting... rollouts=351; kramar layer dirs=2
[2026-05-09 21:49:25] waiting... rollouts=351; kramar layer dirs=2
[2026-05-09 21:50:25] waiting... rollouts=352; kramar layer dirs=2
[2026-05-09 21:51:25] waiting... rollouts=352; kramar layer dirs=2
[2026-05-09 21:52:25] waiting... rollouts=353; kramar layer dirs=2
[2026-05-09 21:53:25] waiting... rollouts=353; kramar layer dirs=2
[2026-05-09 21:54:26] waiting... rollouts=354; kramar layer dirs=2
[2026-05-09 21:55:26] waiting... rollouts=355; kramar layer dirs=2
[2026-05-09 21:56:26] waiting... rollouts=355; kramar layer dirs=2
[2026-05-09 21:57:26] waiting... rollouts=356; kramar layer dirs=2
[2026-05-09 21:58:26] waiting... rollouts=356; kramar layer dirs=2
[2026-05-09 21:59:26] waiting... rollouts=357; kramar layer dirs=2
[2026-05-09 22:00:26] waiting... rollouts=357; kramar layer dirs=2
[2026-05-09 22:01:26] waiting... rollouts=360; kramar layer dirs=2
[2026-05-09 22:02:26] waiting... rollouts=363; kramar layer dirs=2
[2026-05-09 22:03:26] waiting... rollouts=363; kramar layer dirs=2
[2026-05-09 22:04:26] waiting... rollouts=364; kramar layer dirs=2
[2026-05-09 22:05:27] waiting... rollouts=364; kramar layer dirs=2
[2026-05-09 22:06:27] waiting... rollouts=365; kramar layer dirs=2
[2026-05-09 22:07:27] waiting... rollouts=365; kramar layer dirs=2
[2026-05-09 22:08:27] waiting... rollouts=366; kramar layer dirs=2
[2026-05-09 22:09:27] waiting... rollouts=367; kramar layer dirs=2
[2026-05-09 22:10:27] waiting... rollouts=367; kramar layer dirs=2
[2026-05-09 22:11:27] waiting... rollouts=368; kramar layer dirs=2
[2026-05-09 22:12:27] waiting... rollouts=368; kramar layer dirs=2
[2026-05-09 22:13:27] waiting... rollouts=369; kramar layer dirs=2
[2026-05-09 22:14:27] waiting... rollouts=370; kramar layer dirs=2
[2026-05-09 22:15:28] waiting... rollouts=370; kramar layer dirs=2
[2026-05-09 22:16:28] waiting... rollouts=371; kramar layer dirs=2
[2026-05-09 22:17:28] waiting... rollouts=372; kramar layer dirs=2
[2026-05-09 22:18:28] waiting... rollouts=372; kramar layer dirs=2
[2026-05-09 22:19:28] waiting... rollouts=373; kramar layer dirs=2
[2026-05-09 22:20:28] waiting... rollouts=373; kramar layer dirs=2
[2026-05-09 22:21:28] waiting... rollouts=374; kramar layer dirs=2
[2026-05-09 22:22:28] waiting... rollouts=375; kramar layer dirs=2
[2026-05-09 22:23:28] waiting... rollouts=375; kramar layer dirs=2
[2026-05-09 22:24:29] waiting... rollouts=376; kramar layer dirs=2
[2026-05-09 22:25:29] waiting... rollouts=377; kramar layer dirs=2
[2026-05-09 22:26:29] waiting... rollouts=377; kramar layer dirs=2
[2026-05-09 22:27:29] waiting... rollouts=378; kramar layer dirs=2
[2026-05-09 22:28:29] waiting... rollouts=379; kramar layer dirs=2
[2026-05-09 22:29:29] waiting... rollouts=379; kramar layer dirs=2
[2026-05-09 22:30:29] waiting... rollouts=380; kramar layer dirs=2
[2026-05-09 22:31:30] waiting... rollouts=380; kramar layer dirs=2
[2026-05-09 22:32:30] waiting... rollouts=381; kramar layer dirs=2
[2026-05-09 22:33:30] waiting... rollouts=382; kramar layer dirs=2
[2026-05-09 22:34:30] waiting... rollouts=382; kramar layer dirs=2
[2026-05-09 22:35:30] waiting... rollouts=383; kramar layer dirs=2
[2026-05-09 22:36:30] waiting... rollouts=384; kramar layer dirs=2
[2026-05-09 22:37:30] waiting... rollouts=384; kramar layer dirs=2
[2026-05-09 22:38:30] waiting... rollouts=385; kramar layer dirs=2
[2026-05-09 22:39:30] waiting... rollouts=385; kramar layer dirs=2
[2026-05-09 22:40:30] waiting... rollouts=386; kramar layer dirs=2
[2026-05-09 22:41:30] waiting... rollouts=387; kramar layer dirs=2
[2026-05-09 22:42:30] waiting... rollouts=387; kramar layer dirs=2
[2026-05-09 22:43:30] waiting... rollouts=388; kramar layer dirs=2
[2026-05-09 22:44:31] waiting... rollouts=388; kramar layer dirs=2
[2026-05-09 22:45:31] waiting... rollouts=389; kramar layer dirs=2
[2026-05-09 22:46:31] waiting... rollouts=390; kramar layer dirs=2
[2026-05-09 22:47:31] waiting... rollouts=390; kramar layer dirs=2
[2026-05-09 22:48:31] waiting... rollouts=391; kramar layer dirs=2
[2026-05-09 22:49:31] waiting... rollouts=392; kramar layer dirs=2
[2026-05-09 22:50:31] waiting... rollouts=392; kramar layer dirs=2
[2026-05-09 22:51:31] waiting... rollouts=393; kramar layer dirs=2
[2026-05-09 22:52:31] waiting... rollouts=394; kramar layer dirs=2
[2026-05-09 22:53:31] waiting... rollouts=394; kramar layer dirs=2
[2026-05-09 22:54:31] waiting... rollouts=395; kramar layer dirs=2
[2026-05-09 22:55:31] waiting... rollouts=395; kramar layer dirs=2
[2026-05-09 22:56:32] waiting... rollouts=396; kramar layer dirs=2
[2026-05-09 22:57:32] waiting... rollouts=397; kramar layer dirs=2
[2026-05-09 22:58:32] waiting... rollouts=397; kramar layer dirs=2
[2026-05-09 22:59:32] waiting... rollouts=398; kramar layer dirs=2
[2026-05-09 23:00:32] waiting... rollouts=399; kramar layer dirs=2
[2026-05-09 23:01:32] waiting... rollouts=399; kramar layer dirs=2
[2026-05-09 23:02:32] waiting... rollouts=400; kramar layer dirs=2
[2026-05-09 23:03:32] waiting... rollouts=400; kramar layer dirs=2
[2026-05-09 23:04:32] waiting... rollouts=401; kramar layer dirs=2
[2026-05-09 23:05:32] waiting... rollouts=401; kramar layer dirs=2
[2026-05-09 23:06:32] waiting... rollouts=402; kramar layer dirs=2
[2026-05-09 23:07:33] waiting... rollouts=403; kramar layer dirs=2
[2026-05-09 23:08:33] waiting... rollouts=403; kramar layer dirs=2
[2026-05-09 23:09:33] waiting... rollouts=403; kramar layer dirs=2
[2026-05-09 23:10:33] waiting... rollouts=403; kramar layer dirs=2
[2026-05-09 23:11:33] waiting... rollouts=403; kramar layer dirs=2
[2026-05-09 23:12:33] waiting... rollouts=403; kramar layer dirs=2
[2026-05-09 23:13:33] waiting... rollouts=403; kramar layer dirs=2
[2026-05-09 23:14:33] waiting... rollouts=403; kramar layer dirs=2
[2026-05-09 23:15:33] waiting... rollouts=403; kramar layer dirs=2
[2026-05-09 23:16:33] waiting... rollouts=403; kramar layer dirs=2
[2026-05-09 23:17:34] waiting... rollouts=403; kramar layer dirs=2
[2026-05-09 23:18:34] waiting... rollouts=403; kramar layer dirs=2
[2026-05-09 23:19:34] waiting... rollouts=403; kramar layer dirs=2
[2026-05-09 23:20:34] waiting... rollouts=403; kramar layer dirs=2
[2026-05-09 23:21:34] waiting... rollouts=403; kramar layer dirs=2
[2026-05-09 23:22:34] waiting... rollouts=403; kramar layer dirs=2
[2026-05-09 23:23:34] waiting... rollouts=403; kramar layer dirs=2
[2026-05-09 23:24:34] waiting... rollouts=403; kramar layer dirs=2
[2026-05-09 23:25:35] waiting... rollouts=403; kramar layer dirs=2
[2026-05-09 23:26:35] waiting... rollouts=403; kramar layer dirs=2
[2026-05-09 23:27:35] waiting... rollouts=403; kramar layer dirs=2
[2026-05-09 23:28:35] waiting... rollouts=403; kramar layer dirs=2
[2026-05-09 23:29:35] waiting... rollouts=403; kramar layer dirs=2
[2026-05-09 23:30:35] waiting... rollouts=403; kramar layer dirs=2
[2026-05-09 23:31:35] waiting... rollouts=403; kramar layer dirs=2
[2026-05-09 23:32:35] waiting... rollouts=403; kramar layer dirs=2
[2026-05-09 23:33:35] waiting... rollouts=403; kramar layer dirs=2
[2026-05-09 23:34:35] waiting... rollouts=403; kramar layer dirs=2
[2026-05-09 23:35:35] waiting... rollouts=403; kramar layer dirs=2
[2026-05-09 23:36:35] waiting... rollouts=403; kramar layer dirs=2
[2026-05-09 23:37:35] waiting... rollouts=403; kramar layer dirs=2
[2026-05-09 23:37:35] master pipeline done; GPU is free; starting Track B
[2026-05-09 23:37:35] ===== Kramar architectures A/C/D on refusal (L30) =====
[2026-05-09 23:37:35] START kramar_attention_kramar_refusal_L30
Terminated
[2026-05-09 23:37:48] DONE  kramar_attention_kramar_refusal_L30 (rc=143)
[main ac0a827] Track B: Kramar arch attention_kramar on refusal L30
 7 files changed, 23 insertions(+)
 create mode 100644 logs/kramar_attention_kramar_refusal_L30.log
To github.com:Saladino93/mechhack.git
   eb6df51..ac0a827  main -> main
[2026-05-09 23:37:49] START kramar_multimax_refusal_L30
