[2026-05-09 21:30:17] ===== TRACK A start =====
[2026-05-09 21:30:17] Phase 1: 5 parallel CPU jobs
[2026-05-09 21:30:17] Phase 1 PIDs: refusal=253656 c1=253657 c2=253658 c3=253660 tfidf=253662
[2026-05-09 21:30:17] START pleshkov_refusal_d16
[2026-05-09 21:30:17] START pleshkov_cyber_2_d16
[2026-05-09 21:30:17] START tfidf_baselines
[2026-05-09 21:30:17] START pleshkov_cyber_3_d16
[2026-05-09 21:30:17] START pleshkov_cyber_1_d16
[2026-05-09 21:30:18] DONE  tfidf_baselines (rc=0)
[2026-05-09 21:30:47] waiting for refusal cache...
[2026-05-09 21:31:17] waiting for refusal cache...
[2026-05-09 21:31:47] waiting for refusal cache...
[2026-05-09 21:32:17] waiting for refusal cache...
[2026-05-09 21:32:47] waiting for refusal cache...
[2026-05-09 21:33:17] waiting for refusal cache...
[2026-05-09 21:33:47] waiting for refusal cache...
[2026-05-09 21:34:17] waiting for refusal cache...
[2026-05-09 21:34:47] waiting for refusal cache...
[2026-05-09 21:35:17] waiting for refusal cache...
[2026-05-09 21:35:47] waiting for refusal cache...
[2026-05-09 21:36:17] waiting for refusal cache...
[2026-05-09 21:36:47] waiting for refusal cache...
[2026-05-09 21:37:17] waiting for refusal cache...
[2026-05-09 21:37:47] waiting for refusal cache...
[2026-05-09 21:38:17] waiting for refusal cache...
[2026-05-09 21:38:47] waiting for refusal cache...
[2026-05-09 21:39:17] waiting for refusal cache...
[2026-05-09 21:39:47] waiting for refusal cache...
[2026-05-09 21:40:17] waiting for refusal cache...
[2026-05-09 21:40:47] waiting for refusal cache...
[2026-05-09 21:41:17] waiting for refusal cache...
[2026-05-09 21:41:47] waiting for refusal cache...
[2026-05-09 21:42:17] waiting for refusal cache...
[2026-05-09 21:42:47] waiting for refusal cache...
[2026-05-09 21:43:17] waiting for refusal cache...
[2026-05-09 21:43:17] refusal cache ready
[2026-05-09 21:43:17] Phase 2: refusal-cache dependents
[2026-05-09 21:43:17] START pair_triple_concat
[2026-05-09 21:43:17] START aggregate_layers
[2026-05-10 00:37:11] DONE  pleshkov_cyber_3_d16 (rc=0)
[2026-05-10 00:38:31] DONE  pleshkov_cyber_1_d16 (rc=0)
[2026-05-10 01:10:24] DONE  pleshkov_refusal_d16 (rc=0)
[2026-05-10 01:10:24] pleshkov refusal d=16 done
[main 5bfa812] Track A: pleshkov refusal d=16 13-layer sweep + tfidf baselines kickoff
 16 files changed, 985 insertions(+), 3 deletions(-)
To github.com:Saladino93/mechhack.git
   6534eb0..5bfa812  main -> main
[2026-05-10 01:10:26] tfidf baselines done
[2026-05-10 01:10:26] START pleshkov_refusal_d32
[2026-05-10 01:11:10] DONE  pleshkov_cyber_2_d16 (rc=0)
[2026-05-10 01:15:54] DONE  pleshkov_refusal_d32 (rc=0)
[2026-05-10 01:39:43] DONE  aggregate_layers (rc=0)
/home/ubuntu/georgia/mechhack/run_track_a.sh: line 38: 257467 Killed                  "$@" > "logs/${name}.log" 2>&1
[2026-05-10 08:59:58] DONE  pair_triple_concat (rc=0)
[main b029b7a] Track A: refusal probe zoo: pair/triple concat + aggregate-layers + tfidf baselines
 2 files changed, 8 insertions(+)
To github.com:Saladino93/mechhack.git
   929fe4c..b029b7a  main -> main
[2026-05-10 08:59:59] cyber_1 d=16 done
[2026-05-10 08:59:59] cyber_2 d=16 done
[2026-05-10 08:59:59] cyber_3 d=16 done
[2026-05-10 08:59:59] pleshkov refusal d=32 done
[main bd0e2f8] Track A: Pleshkov 13-layer sweep complete: cyber_1/2/3 d=16 + refusal d=16/32
 1 file changed, 8 insertions(+)
To github.com:Saladino93/mechhack.git
   b029b7a..bd0e2f8  main -> main
[2026-05-10 09:00:00] START cross_task_4x4
[2026-05-10 09:05:55] DONE  cross_task_4x4 (rc=0)
