[2026-05-09 21:51:37] waiting for phase3_summary.json (Phase 3c done)...
/home/ubuntu/georgia/mechhack/run_track_g.sh: line 31: experiments/13_pre_rewrites_omar/judgements_phase3.jsonl: No such file or directory
[2026-05-09 21:52:37] waiting... rollouts=353; judgements=0
/home/ubuntu/georgia/mechhack/run_track_g.sh: line 31: experiments/13_pre_rewrites_omar/judgements_phase3.jsonl: No such file or directory
[2026-05-09 21:53:37] waiting... rollouts=354; judgements=0
/home/ubuntu/georgia/mechhack/run_track_g.sh: line 31: experiments/13_pre_rewrites_omar/judgements_phase3.jsonl: No such file or directory
[2026-05-09 21:54:37] waiting... rollouts=354; judgements=0
/home/ubuntu/georgia/mechhack/run_track_g.sh: line 31: experiments/13_pre_rewrites_omar/judgements_phase3.jsonl: No such file or directory
[2026-05-09 21:55:37] waiting... rollouts=355; judgements=0
/home/ubuntu/georgia/mechhack/run_track_g.sh: line 31: experiments/13_pre_rewrites_omar/judgements_phase3.jsonl: No such file or directory
[2026-05-09 21:56:37] waiting... rollouts=355; judgements=0
/home/ubuntu/georgia/mechhack/run_track_g.sh: line 31: experiments/13_pre_rewrites_omar/judgements_phase3.jsonl: No such file or directory
[2026-05-09 21:57:37] waiting... rollouts=356; judgements=0
/home/ubuntu/georgia/mechhack/run_track_g.sh: line 31: experiments/13_pre_rewrites_omar/judgements_phase3.jsonl: No such file or directory
[2026-05-09 21:58:37] waiting... rollouts=356; judgements=0
/home/ubuntu/georgia/mechhack/run_track_g.sh: line 31: experiments/13_pre_rewrites_omar/judgements_phase3.jsonl: No such file or directory
[2026-05-09 21:59:37] waiting... rollouts=357; judgements=0
/home/ubuntu/georgia/mechhack/run_track_g.sh: line 31: experiments/13_pre_rewrites_omar/judgements_phase3.jsonl: No such file or directory
[2026-05-09 22:00:37] waiting... rollouts=357; judgements=0
/home/ubuntu/georgia/mechhack/run_track_g.sh: line 31: experiments/13_pre_rewrites_omar/judgements_phase3.jsonl: No such file or directory
[2026-05-09 22:01:37] waiting... rollouts=360; judgements=0
/home/ubuntu/georgia/mechhack/run_track_g.sh: line 31: experiments/13_pre_rewrites_omar/judgements_phase3.jsonl: No such file or directory
[2026-05-09 22:02:37] waiting... rollouts=363; judgements=0
/home/ubuntu/georgia/mechhack/run_track_g.sh: line 31: experiments/13_pre_rewrites_omar/judgements_phase3.jsonl: No such file or directory
[2026-05-09 22:03:37] waiting... rollouts=363; judgements=0
/home/ubuntu/georgia/mechhack/run_track_g.sh: line 31: experiments/13_pre_rewrites_omar/judgements_phase3.jsonl: No such file or directory
[2026-05-09 22:04:37] waiting... rollouts=364; judgements=0
/home/ubuntu/georgia/mechhack/run_track_g.sh: line 31: experiments/13_pre_rewrites_omar/judgements_phase3.jsonl: No such file or directory
[2026-05-09 22:05:37] waiting... rollouts=364; judgements=0
/home/ubuntu/georgia/mechhack/run_track_g.sh: line 31: experiments/13_pre_rewrites_omar/judgements_phase3.jsonl: No such file or directory
[2026-05-09 22:06:37] waiting... rollouts=365; judgements=0
/home/ubuntu/georgia/mechhack/run_track_g.sh: line 31: experiments/13_pre_rewrites_omar/judgements_phase3.jsonl: No such file or directory
[2026-05-09 22:07:37] waiting... rollouts=365; judgements=0
/home/ubuntu/georgia/mechhack/run_track_g.sh: line 31: experiments/13_pre_rewrites_omar/judgements_phase3.jsonl: No such file or directory
[2026-05-09 22:08:37] waiting... rollouts=366; judgements=0
/home/ubuntu/georgia/mechhack/run_track_g.sh: line 31: experiments/13_pre_rewrites_omar/judgements_phase3.jsonl: No such file or directory
[2026-05-09 22:09:37] waiting... rollouts=367; judgements=0
/home/ubuntu/georgia/mechhack/run_track_g.sh: line 31: experiments/13_pre_rewrites_omar/judgements_phase3.jsonl: No such file or directory
[2026-05-09 22:10:37] waiting... rollouts=367; judgements=0
/home/ubuntu/georgia/mechhack/run_track_g.sh: line 31: experiments/13_pre_rewrites_omar/judgements_phase3.jsonl: No such file or directory
[2026-05-09 22:11:37] waiting... rollouts=368; judgements=0
/home/ubuntu/georgia/mechhack/run_track_g.sh: line 31: experiments/13_pre_rewrites_omar/judgements_phase3.jsonl: No such file or directory
[2026-05-09 22:12:37] waiting... rollouts=369; judgements=0
/home/ubuntu/georgia/mechhack/run_track_g.sh: line 31: experiments/13_pre_rewrites_omar/judgements_phase3.jsonl: No such file or directory
[2026-05-09 22:13:37] waiting... rollouts=369; judgements=0
/home/ubuntu/georgia/mechhack/run_track_g.sh: line 31: experiments/13_pre_rewrites_omar/judgements_phase3.jsonl: No such file or directory
[2026-05-09 22:14:37] waiting... rollouts=370; judgements=0
/home/ubuntu/georgia/mechhack/run_track_g.sh: line 31: experiments/13_pre_rewrites_omar/judgements_phase3.jsonl: No such file or directory
[2026-05-09 22:15:38] waiting... rollouts=370; judgements=0
/home/ubuntu/georgia/mechhack/run_track_g.sh: line 31: experiments/13_pre_rewrites_omar/judgements_phase3.jsonl: No such file or directory
[2026-05-09 22:16:38] waiting... rollouts=371; judgements=0
/home/ubuntu/georgia/mechhack/run_track_g.sh: line 31: experiments/13_pre_rewrites_omar/judgements_phase3.jsonl: No such file or directory
[2026-05-09 22:17:38] waiting... rollouts=372; judgements=0
/home/ubuntu/georgia/mechhack/run_track_g.sh: line 31: experiments/13_pre_rewrites_omar/judgements_phase3.jsonl: No such file or directory
[2026-05-09 22:18:38] waiting... rollouts=372; judgements=0
/home/ubuntu/georgia/mechhack/run_track_g.sh: line 31: experiments/13_pre_rewrites_omar/judgements_phase3.jsonl: No such file or directory
[2026-05-09 22:19:38] waiting... rollouts=373; judgements=0
/home/ubuntu/georgia/mechhack/run_track_g.sh: line 31: experiments/13_pre_rewrites_omar/judgements_phase3.jsonl: No such file or directory
[2026-05-09 22:20:38] waiting... rollouts=374; judgements=0
/home/ubuntu/georgia/mechhack/run_track_g.sh: line 31: experiments/13_pre_rewrites_omar/judgements_phase3.jsonl: No such file or directory
[2026-05-09 22:21:38] waiting... rollouts=374; judgements=0
/home/ubuntu/georgia/mechhack/run_track_g.sh: line 31: experiments/13_pre_rewrites_omar/judgements_phase3.jsonl: No such file or directory
[2026-05-09 22:22:38] waiting... rollouts=375; judgements=0
/home/ubuntu/georgia/mechhack/run_track_g.sh: line 31: experiments/13_pre_rewrites_omar/judgements_phase3.jsonl: No such file or directory
[2026-05-09 22:23:38] waiting... rollouts=376; judgements=0
/home/ubuntu/georgia/mechhack/run_track_g.sh: line 31: experiments/13_pre_rewrites_omar/judgements_phase3.jsonl: No such file or directory
[2026-05-09 22:24:38] waiting... rollouts=376; judgements=0
/home/ubuntu/georgia/mechhack/run_track_g.sh: line 31: experiments/13_pre_rewrites_omar/judgements_phase3.jsonl: No such file or directory
[2026-05-09 22:25:38] waiting... rollouts=377; judgements=0
/home/ubuntu/georgia/mechhack/run_track_g.sh: line 31: experiments/13_pre_rewrites_omar/judgements_phase3.jsonl: No such file or directory
[2026-05-09 22:26:38] waiting... rollouts=377; judgements=0
/home/ubuntu/georgia/mechhack/run_track_g.sh: line 31: experiments/13_pre_rewrites_omar/judgements_phase3.jsonl: No such file or directory
[2026-05-09 22:27:38] waiting... rollouts=378; judgements=0
/home/ubuntu/georgia/mechhack/run_track_g.sh: line 31: experiments/13_pre_rewrites_omar/judgements_phase3.jsonl: No such file or directory
[2026-05-09 22:28:38] waiting... rollouts=379; judgements=0
/home/ubuntu/georgia/mechhack/run_track_g.sh: line 31: experiments/13_pre_rewrites_omar/judgements_phase3.jsonl: No such file or directory
[2026-05-09 22:29:38] waiting... rollouts=379; judgements=0
/home/ubuntu/georgia/mechhack/run_track_g.sh: line 31: experiments/13_pre_rewrites_omar/judgements_phase3.jsonl: No such file or directory
[2026-05-09 22:30:38] waiting... rollouts=380; judgements=0
/home/ubuntu/georgia/mechhack/run_track_g.sh: line 31: experiments/13_pre_rewrites_omar/judgements_phase3.jsonl: No such file or directory
[2026-05-09 22:31:38] waiting... rollouts=381; judgements=0
/home/ubuntu/georgia/mechhack/run_track_g.sh: line 31: experiments/13_pre_rewrites_omar/judgements_phase3.jsonl: No such file or directory
[2026-05-09 22:32:38] waiting... rollouts=381; judgements=0
/home/ubuntu/georgia/mechhack/run_track_g.sh: line 31: experiments/13_pre_rewrites_omar/judgements_phase3.jsonl: No such file or directory
[2026-05-09 22:33:38] waiting... rollouts=382; judgements=0
/home/ubuntu/georgia/mechhack/run_track_g.sh: line 31: experiments/13_pre_rewrites_omar/judgements_phase3.jsonl: No such file or directory
[2026-05-09 22:34:38] waiting... rollouts=382; judgements=0
/home/ubuntu/georgia/mechhack/run_track_g.sh: line 31: experiments/13_pre_rewrites_omar/judgements_phase3.jsonl: No such file or directory
[2026-05-09 22:35:38] waiting... rollouts=383; judgements=0
/home/ubuntu/georgia/mechhack/run_track_g.sh: line 31: experiments/13_pre_rewrites_omar/judgements_phase3.jsonl: No such file or directory
[2026-05-09 22:36:39] waiting... rollouts=384; judgements=0
/home/ubuntu/georgia/mechhack/run_track_g.sh: line 31: experiments/13_pre_rewrites_omar/judgements_phase3.jsonl: No such file or directory
[2026-05-09 22:37:39] waiting... rollouts=384; judgements=0
/home/ubuntu/georgia/mechhack/run_track_g.sh: line 31: experiments/13_pre_rewrites_omar/judgements_phase3.jsonl: No such file or directory
[2026-05-09 22:38:39] waiting... rollouts=385; judgements=0
/home/ubuntu/georgia/mechhack/run_track_g.sh: line 31: experiments/13_pre_rewrites_omar/judgements_phase3.jsonl: No such file or directory
[2026-05-09 22:39:39] waiting... rollouts=386; judgements=0
/home/ubuntu/georgia/mechhack/run_track_g.sh: line 31: experiments/13_pre_rewrites_omar/judgements_phase3.jsonl: No such file or directory
[2026-05-09 22:40:39] waiting... rollouts=386; judgements=0
/home/ubuntu/georgia/mechhack/run_track_g.sh: line 31: experiments/13_pre_rewrites_omar/judgements_phase3.jsonl: No such file or directory
[2026-05-09 22:41:39] waiting... rollouts=387; judgements=0
/home/ubuntu/georgia/mechhack/run_track_g.sh: line 31: experiments/13_pre_rewrites_omar/judgements_phase3.jsonl: No such file or directory
[2026-05-09 22:42:39] waiting... rollouts=387; judgements=0
/home/ubuntu/georgia/mechhack/run_track_g.sh: line 31: experiments/13_pre_rewrites_omar/judgements_phase3.jsonl: No such file or directory
[2026-05-09 22:43:39] waiting... rollouts=388; judgements=0
/home/ubuntu/georgia/mechhack/run_track_g.sh: line 31: experiments/13_pre_rewrites_omar/judgements_phase3.jsonl: No such file or directory
[2026-05-09 22:44:39] waiting... rollouts=388; judgements=0
/home/ubuntu/georgia/mechhack/run_track_g.sh: line 31: experiments/13_pre_rewrites_omar/judgements_phase3.jsonl: No such file or directory
[2026-05-09 22:45:39] waiting... rollouts=389; judgements=0
/home/ubuntu/georgia/mechhack/run_track_g.sh: line 31: experiments/13_pre_rewrites_omar/judgements_phase3.jsonl: No such file or directory
[2026-05-09 22:46:39] waiting... rollouts=390; judgements=0
/home/ubuntu/georgia/mechhack/run_track_g.sh: line 31: experiments/13_pre_rewrites_omar/judgements_phase3.jsonl: No such file or directory
[2026-05-09 22:47:39] waiting... rollouts=391; judgements=0
/home/ubuntu/georgia/mechhack/run_track_g.sh: line 31: experiments/13_pre_rewrites_omar/judgements_phase3.jsonl: No such file or directory
[2026-05-09 22:48:39] waiting... rollouts=391; judgements=0
/home/ubuntu/georgia/mechhack/run_track_g.sh: line 31: experiments/13_pre_rewrites_omar/judgements_phase3.jsonl: No such file or directory
[2026-05-09 22:49:39] waiting... rollouts=392; judgements=0
/home/ubuntu/georgia/mechhack/run_track_g.sh: line 31: experiments/13_pre_rewrites_omar/judgements_phase3.jsonl: No such file or directory
[2026-05-09 22:50:39] waiting... rollouts=392; judgements=0
/home/ubuntu/georgia/mechhack/run_track_g.sh: line 31: experiments/13_pre_rewrites_omar/judgements_phase3.jsonl: No such file or directory
[2026-05-09 22:51:39] waiting... rollouts=393; judgements=0
/home/ubuntu/georgia/mechhack/run_track_g.sh: line 31: experiments/13_pre_rewrites_omar/judgements_phase3.jsonl: No such file or directory
[2026-05-09 22:52:39] waiting... rollouts=394; judgements=0
/home/ubuntu/georgia/mechhack/run_track_g.sh: line 31: experiments/13_pre_rewrites_omar/judgements_phase3.jsonl: No such file or directory
[2026-05-09 22:53:39] waiting... rollouts=394; judgements=0
/home/ubuntu/georgia/mechhack/run_track_g.sh: line 31: experiments/13_pre_rewrites_omar/judgements_phase3.jsonl: No such file or directory
[2026-05-09 22:54:39] waiting... rollouts=395; judgements=0
/home/ubuntu/georgia/mechhack/run_track_g.sh: line 31: experiments/13_pre_rewrites_omar/judgements_phase3.jsonl: No such file or directory
[2026-05-09 22:55:39] waiting... rollouts=396; judgements=0
/home/ubuntu/georgia/mechhack/run_track_g.sh: line 31: experiments/13_pre_rewrites_omar/judgements_phase3.jsonl: No such file or directory
[2026-05-09 22:56:40] waiting... rollouts=396; judgements=0
/home/ubuntu/georgia/mechhack/run_track_g.sh: line 31: experiments/13_pre_rewrites_omar/judgements_phase3.jsonl: No such file or directory
[2026-05-09 22:57:40] waiting... rollouts=397; judgements=0
/home/ubuntu/georgia/mechhack/run_track_g.sh: line 31: experiments/13_pre_rewrites_omar/judgements_phase3.jsonl: No such file or directory
[2026-05-09 22:58:40] waiting... rollouts=397; judgements=0
/home/ubuntu/georgia/mechhack/run_track_g.sh: line 31: experiments/13_pre_rewrites_omar/judgements_phase3.jsonl: No such file or directory
[2026-05-09 22:59:40] waiting... rollouts=398; judgements=0
/home/ubuntu/georgia/mechhack/run_track_g.sh: line 31: experiments/13_pre_rewrites_omar/judgements_phase3.jsonl: No such file or directory
[2026-05-09 23:00:40] waiting... rollouts=399; judgements=0
/home/ubuntu/georgia/mechhack/run_track_g.sh: line 31: experiments/13_pre_rewrites_omar/judgements_phase3.jsonl: No such file or directory
[2026-05-09 23:01:40] waiting... rollouts=399; judgements=0
/home/ubuntu/georgia/mechhack/run_track_g.sh: line 31: experiments/13_pre_rewrites_omar/judgements_phase3.jsonl: No such file or directory
[2026-05-09 23:02:40] waiting... rollouts=400; judgements=0
/home/ubuntu/georgia/mechhack/run_track_g.sh: line 31: experiments/13_pre_rewrites_omar/judgements_phase3.jsonl: No such file or directory
[2026-05-09 23:03:40] waiting... rollouts=400; judgements=0
/home/ubuntu/georgia/mechhack/run_track_g.sh: line 31: experiments/13_pre_rewrites_omar/judgements_phase3.jsonl: No such file or directory
[2026-05-09 23:04:40] waiting... rollouts=401; judgements=0
/home/ubuntu/georgia/mechhack/run_track_g.sh: line 31: experiments/13_pre_rewrites_omar/judgements_phase3.jsonl: No such file or directory
[2026-05-09 23:05:40] waiting... rollouts=402; judgements=0
/home/ubuntu/georgia/mechhack/run_track_g.sh: line 31: experiments/13_pre_rewrites_omar/judgements_phase3.jsonl: No such file or directory
[2026-05-09 23:06:40] waiting... rollouts=402; judgements=0
[2026-05-09 23:07:40] waiting... rollouts=403; judgements=2
[2026-05-09 23:08:40] waiting... rollouts=403; judgements=23
[2026-05-09 23:09:40] waiting... rollouts=403; judgements=38
[2026-05-09 23:10:40] waiting... rollouts=403; judgements=43
[2026-05-09 23:11:40] waiting... rollouts=403; judgements=49
[2026-05-09 23:12:40] waiting... rollouts=403; judgements=63
[2026-05-09 23:13:40] waiting... rollouts=403; judgements=82
[2026-05-09 23:14:40] waiting... rollouts=403; judgements=99
[2026-05-09 23:15:40] waiting... rollouts=403; judgements=111
[2026-05-09 23:16:40] waiting... rollouts=403; judgements=120
[2026-05-09 23:17:41] waiting... rollouts=403; judgements=127
[2026-05-09 23:18:41] waiting... rollouts=403; judgements=137
[2026-05-09 23:19:41] waiting... rollouts=403; judgements=151
[2026-05-09 23:20:41] waiting... rollouts=403; judgements=163
[2026-05-09 23:21:41] waiting... rollouts=403; judgements=178
[2026-05-09 23:22:41] waiting... rollouts=403; judgements=189
[2026-05-09 23:23:41] waiting... rollouts=403; judgements=196
[2026-05-09 23:24:41] waiting... rollouts=403; judgements=213
[2026-05-09 23:25:41] waiting... rollouts=403; judgements=229
[2026-05-09 23:26:41] waiting... rollouts=403; judgements=246
[2026-05-09 23:27:41] waiting... rollouts=403; judgements=261
[2026-05-09 23:28:41] waiting... rollouts=403; judgements=280
[2026-05-09 23:29:42] waiting... rollouts=403; judgements=299
[2026-05-09 23:30:42] waiting... rollouts=403; judgements=314
[2026-05-09 23:31:42] waiting... rollouts=403; judgements=329
[2026-05-09 23:32:42] waiting... rollouts=403; judgements=350
[2026-05-09 23:33:42] waiting... rollouts=403; judgements=366
[2026-05-09 23:34:42] waiting... rollouts=403; judgements=375
[2026-05-09 23:35:42] waiting... rollouts=403; judgements=386
[2026-05-09 23:36:42] waiting... rollouts=403; judgements=399
[2026-05-09 23:37:42] waiting... rollouts=403; judgements=403
[2026-05-09 23:37:42] Phase 3c done. Killing master pipeline + Phase 4 Rolling probe.
[2026-05-09 23:37:50] GPU state after kill:
pid, used_gpu_memory [MiB]
267595, 60504 MiB
[2026-05-09 23:37:55] GPU still has 63310 MiB allocated, waiting...
[2026-05-09 23:38:06] GPU still has 64110 MiB allocated, waiting...
[2026-05-09 23:38:16] GPU still has 65944 MiB allocated, waiting...
[2026-05-09 23:38:26] GPU still has 65514 MiB allocated, waiting...
[2026-05-09 23:38:36] GPU still has 60504 MiB allocated, waiting...
[2026-05-09 23:38:46] GPU still has 60504 MiB allocated, waiting...
[2026-05-09 23:38:57] GPU still has 62844 MiB allocated, waiting...
[2026-05-09 23:39:07] GPU still has 60504 MiB allocated, waiting...
[2026-05-09 23:39:17] GPU still has 61520 MiB allocated, waiting...
[2026-05-09 23:39:27] GPU still has 61932 MiB allocated, waiting...
[2026-05-09 23:39:37] GPU still has 67304 MiB allocated, waiting...
[2026-05-09 23:39:47] GPU still has 60504 MiB allocated, waiting...
[2026-05-09 23:39:57] GPU still has 60504 MiB allocated, waiting...
[2026-05-09 23:40:08] GPU still has 66328 MiB allocated, waiting...
[2026-05-09 23:40:18] GPU still has 60504 MiB allocated, waiting...
[2026-05-09 23:40:28] GPU still has 64278 MiB allocated, waiting...
[2026-05-09 23:40:38] GPU still has 60504 MiB allocated, waiting...
[2026-05-09 23:40:48] GPU still has 64218 MiB allocated, waiting...
[2026-05-09 23:40:58] GPU still has 65318 MiB allocated, waiting...
[2026-05-09 23:41:08] GPU still has 64506 MiB allocated, waiting...
[2026-05-09 23:41:19] GPU still has 62616 MiB allocated, waiting...
[2026-05-09 23:41:29] GPU still has 66164 MiB allocated, waiting...
[2026-05-09 23:41:39] GPU still has 60504 MiB allocated, waiting...
[2026-05-09 23:41:49] GPU still has 65698 MiB allocated, waiting...
[2026-05-09 23:41:59] GPU still has 60504 MiB allocated, waiting...
[2026-05-09 23:42:09] GPU still has 60504 MiB allocated, waiting...
[2026-05-09 23:42:19] GPU still has 65324 MiB allocated, waiting...
[2026-05-09 23:42:29] GPU still has 63072 MiB allocated, waiting...
[2026-05-09 23:42:39] GPU still has 60504 MiB allocated, waiting...
[2026-05-09 23:42:49] GPU still has 60504 MiB allocated, waiting...
[2026-05-09 23:43:00] GPU still has 63916 MiB allocated, waiting...
[2026-05-09 23:43:10] GPU still has 60504 MiB allocated, waiting...
[2026-05-09 23:43:20] GPU still has 60638 MiB allocated, waiting...
[2026-05-09 23:43:30] GPU still has 65004 MiB allocated, waiting...
[2026-05-09 23:43:40] GPU still has 64278 MiB allocated, waiting...
[2026-05-09 23:43:50] GPU still has 62278 MiB allocated, waiting...
[2026-05-09 23:44:00] GPU still has 63524 MiB allocated, waiting...
[2026-05-09 23:44:10] GPU still has 61428 MiB allocated, waiting...
[2026-05-09 23:44:21] GPU still has 64442 MiB allocated, waiting...
[2026-05-09 23:44:31] GPU still has 60504 MiB allocated, waiting...
[2026-05-09 23:44:41] GPU still has 60504 MiB allocated, waiting...
[2026-05-09 23:44:51] GPU still has 60504 MiB allocated, waiting...
[2026-05-09 23:45:01] GPU still has 60504 MiB allocated, waiting...
[2026-05-09 23:45:11] GPU still has 60504 MiB allocated, waiting...
[2026-05-09 23:45:21] GPU still has 63106 MiB allocated, waiting...
[2026-05-09 23:45:31] GPU still has 65514 MiB allocated, waiting...
[2026-05-09 23:45:41] GPU still has 65032 MiB allocated, waiting...
[2026-05-09 23:45:52] GPU still has 60504 MiB allocated, waiting...
[2026-05-09 23:46:02] GPU still has 66916 MiB allocated, waiting...
[2026-05-09 23:46:12] GPU still has 61114 MiB allocated, waiting...
[2026-05-09 23:46:22] GPU still has 60504 MiB allocated, waiting...
[2026-05-09 23:46:32] GPU still has 68678 MiB allocated, waiting...
[2026-05-09 23:46:42] GPU still has 66192 MiB allocated, waiting...
[2026-05-09 23:46:52] GPU still has 67776 MiB allocated, waiting...
[2026-05-09 23:47:02] GPU still has 60504 MiB allocated, waiting...
[2026-05-09 23:47:12] GPU still has 60504 MiB allocated, waiting...
[2026-05-09 23:47:22] GPU still has 61706 MiB allocated, waiting...
[2026-05-09 23:47:33] GPU still has 69318 MiB allocated, waiting...
[2026-05-09 23:47:43] GPU still has 63360 MiB allocated, waiting...
[2026-05-09 23:47:53] GPU still has 60504 MiB allocated, waiting...
[2026-05-09 23:48:03] GPU still has 62892 MiB allocated, waiting...
[2026-05-09 23:48:13] GPU still has 68140 MiB allocated, waiting...
[2026-05-09 23:48:23] GPU still has 66646 MiB allocated, waiting...
[2026-05-09 23:48:33] GPU still has 65824 MiB allocated, waiting...
[2026-05-09 23:48:43] GPU still has 60504 MiB allocated, waiting...
[2026-05-09 23:48:53] GPU still has 65658 MiB allocated, waiting...
[2026-05-09 23:49:04] GPU still has 65868 MiB allocated, waiting...
[2026-05-09 23:49:14] GPU still has 60504 MiB allocated, waiting...
[2026-05-09 23:49:24] GPU still has 65624 MiB allocated, waiting...
[2026-05-09 23:49:35] GPU still has 64274 MiB allocated, waiting...
[2026-05-09 23:49:45] GPU still has 63224 MiB allocated, waiting...
[2026-05-09 23:49:55] GPU still has 65832 MiB allocated, waiting...
[2026-05-09 23:50:05] GPU still has 62280 MiB allocated, waiting...
[2026-05-09 23:50:15] GPU still has 60504 MiB allocated, waiting...
[2026-05-09 23:50:25] GPU still has 61760 MiB allocated, waiting...
[2026-05-09 23:50:35] GPU still has 64450 MiB allocated, waiting...
[2026-05-09 23:50:46] GPU still has 68054 MiB allocated, waiting...
[2026-05-09 23:50:56] GPU still has 62418 MiB allocated, waiting...
[2026-05-09 23:51:06] GPU still has 66796 MiB allocated, waiting...
[2026-05-09 23:51:17] GPU still has 60504 MiB allocated, waiting...
[2026-05-09 23:51:27] GPU still has 63646 MiB allocated, waiting...
[2026-05-09 23:51:37] GPU still has 65444 MiB allocated, waiting...
[2026-05-09 23:51:47] GPU still has 70500 MiB allocated, waiting...
[2026-05-09 23:51:57] GPU still has 66010 MiB allocated, waiting...
[2026-05-09 23:52:07] GPU still has 69028 MiB allocated, waiting...
[2026-05-09 23:52:17] GPU still has 65726 MiB allocated, waiting...
[2026-05-09 23:52:27] GPU still has 65512 MiB allocated, waiting...
[2026-05-09 23:52:38] GPU still has 60504 MiB allocated, waiting...
[2026-05-09 23:52:48] GPU still has 60504 MiB allocated, waiting...
[2026-05-09 23:52:58] GPU still has 60504 MiB allocated, waiting...
[2026-05-09 23:53:08] GPU still has 60504 MiB allocated, waiting...
[2026-05-09 23:53:18] GPU still has 63220 MiB allocated, waiting...
[2026-05-09 23:53:28] GPU still has 65730 MiB allocated, waiting...
[2026-05-09 23:53:38] GPU still has 63594 MiB allocated, waiting...
[2026-05-09 23:53:48] GPU still has 60504 MiB allocated, waiting...
[2026-05-09 23:53:58] GPU still has 65562 MiB allocated, waiting...
[2026-05-09 23:54:08] GPU still has 63572 MiB allocated, waiting...
[2026-05-09 23:54:18] GPU still has 60504 MiB allocated, waiting...
[2026-05-09 23:54:28] GPU still has 66856 MiB allocated, waiting...
[2026-05-09 23:54:38] GPU still has 64432 MiB allocated, waiting...
[2026-05-09 23:54:49] GPU still has 60504 MiB allocated, waiting...
[2026-05-09 23:54:59] GPU still has 66312 MiB allocated, waiting...
[2026-05-09 23:55:09] GPU still has 60504 MiB allocated, waiting...
[2026-05-09 23:55:19] GPU still has 64650 MiB allocated, waiting...
[2026-05-09 23:55:29] GPU still has 63576 MiB allocated, waiting...
[2026-05-09 23:55:39] GPU still has 62672 MiB allocated, waiting...
[2026-05-09 23:55:50] GPU still has 60504 MiB allocated, waiting...
[2026-05-09 23:56:00] GPU still has 60504 MiB allocated, waiting...
[2026-05-09 23:56:10] GPU still has 75072 MiB allocated, waiting...
[2026-05-09 23:56:20] GPU still has 60504 MiB allocated, waiting...
[2026-05-09 23:56:30] GPU still has 68428 MiB allocated, waiting...
[2026-05-09 23:56:40] GPU still has 67410 MiB allocated, waiting...
[2026-05-09 23:56:50] GPU still has 67134 MiB allocated, waiting...
[2026-05-09 23:57:00] GPU still has 60504 MiB allocated, waiting...
[2026-05-09 23:57:10] GPU still has 63024 MiB allocated, waiting...
[2026-05-09 23:57:21] GPU still has 66394 MiB allocated, waiting...
[2026-05-09 23:57:31] GPU still has 65558 MiB allocated, waiting...
[2026-05-09 23:57:41] GPU still has 73014 MiB allocated, waiting...
[2026-05-09 23:57:51] GPU still has 64004 MiB allocated, waiting...
[2026-05-09 23:58:01] GPU still has 60504 MiB allocated, waiting...
[2026-05-09 23:58:11] GPU still has 63052 MiB allocated, waiting...
[2026-05-09 23:58:21] GPU still has 69828 MiB allocated, waiting...
[2026-05-09 23:58:31] GPU still has 63934 MiB allocated, waiting...
[2026-05-09 23:58:41] GPU still has 60504 MiB allocated, waiting...
[2026-05-09 23:58:52] GPU still has 66468 MiB allocated, waiting...
[2026-05-09 23:59:02] GPU still has 65994 MiB allocated, waiting...
[2026-05-09 23:59:12] GPU still has 66988 MiB allocated, waiting...
[2026-05-09 23:59:22] GPU still has 60504 MiB allocated, waiting...
[2026-05-09 23:59:32] GPU still has 65970 MiB allocated, waiting...
[2026-05-09 23:59:42] GPU still has 69624 MiB allocated, waiting...
[2026-05-09 23:59:52] GPU still has 60504 MiB allocated, waiting...
[2026-05-10 00:00:02] GPU still has 64668 MiB allocated, waiting...
[2026-05-10 00:00:13] GPU still has 70628 MiB allocated, waiting...
[2026-05-10 00:00:23] GPU still has 63108 MiB allocated, waiting...
[2026-05-10 00:00:33] GPU still has 60504 MiB allocated, waiting...
[2026-05-10 00:00:43] GPU still has 66882 MiB allocated, waiting...
[2026-05-10 00:00:53] GPU still has 63184 MiB allocated, waiting...
[2026-05-10 00:01:04] GPU still has 64694 MiB allocated, waiting...
[2026-05-10 00:01:14] GPU still has 64382 MiB allocated, waiting...
[2026-05-10 00:01:24] GPU still has 68720 MiB allocated, waiting...
[2026-05-10 00:01:34] GPU still has 63762 MiB allocated, waiting...
[2026-05-10 00:01:44] GPU still has 62082 MiB allocated, waiting...
[2026-05-10 00:01:54] GPU still has 64522 MiB allocated, waiting...
[2026-05-10 00:02:04] GPU still has 64698 MiB allocated, waiting...
[2026-05-10 00:02:14] GPU still has 66468 MiB allocated, waiting...
[2026-05-10 00:02:24] GPU still has 62156 MiB allocated, waiting...
[2026-05-10 00:02:34] GPU still has 64346 MiB allocated, waiting...
[2026-05-10 00:02:44] GPU still has 66616 MiB allocated, waiting...
[2026-05-10 00:02:54] GPU still has 64622 MiB allocated, waiting...
[2026-05-10 00:03:05] GPU still has 65430 MiB allocated, waiting...
[2026-05-10 00:03:15] GPU still has 60504 MiB allocated, waiting...
[2026-05-10 00:03:25] GPU still has 60504 MiB allocated, waiting...
[2026-05-10 00:03:35] GPU still has 69468 MiB allocated, waiting...
[2026-05-10 00:03:45] GPU still has 66848 MiB allocated, waiting...
[2026-05-10 00:03:55] GPU still has 69360 MiB allocated, waiting...
[2026-05-10 00:04:05] GPU still has 68114 MiB allocated, waiting...
[2026-05-10 00:04:15] GPU still has 60504 MiB allocated, waiting...
[2026-05-10 00:04:25] GPU still has 65060 MiB allocated, waiting...
[2026-05-10 00:04:36] GPU still has 66024 MiB allocated, waiting...
[2026-05-10 00:04:46] GPU still has 66358 MiB allocated, waiting...
[2026-05-10 00:04:56] GPU still has 65824 MiB allocated, waiting...
[2026-05-10 00:05:06] GPU still has 60504 MiB allocated, waiting...
[2026-05-10 00:05:16] GPU still has 66906 MiB allocated, waiting...
[2026-05-10 00:05:26] GPU still has 60504 MiB allocated, waiting...
[2026-05-10 00:05:36] GPU still has 63000 MiB allocated, waiting...
[2026-05-10 00:05:46] GPU still has 69958 MiB allocated, waiting...
[2026-05-10 00:05:56] GPU still has 64862 MiB allocated, waiting...
[2026-05-10 00:06:06] GPU still has 68998 MiB allocated, waiting...
[2026-05-10 00:06:16] GPU still has 62836 MiB allocated, waiting...
[2026-05-10 00:06:26] GPU still has 65864 MiB allocated, waiting...
[2026-05-10 00:06:36] GPU still has 72128 MiB allocated, waiting...
[2026-05-10 00:06:47] GPU still has 63710 MiB allocated, waiting...
[2026-05-10 00:06:57] GPU still has 74368 MiB allocated, waiting...
[2026-05-10 00:07:07] GPU still has 73074 MiB allocated, waiting...
[2026-05-10 00:07:17] GPU still has 75448 MiB allocated, waiting...
[2026-05-10 00:07:27] GPU still has 67634 MiB allocated, waiting...
[2026-05-10 00:07:37] GPU still has 77820 MiB allocated, waiting...
[2026-05-10 00:07:47] GPU still has 65362 MiB allocated, waiting...
[2026-05-10 00:07:57] GPU still has 75436 MiB allocated, waiting...
[2026-05-10 00:08:07] GPU still has 75988 MiB allocated, waiting...
[2026-05-10 00:08:17] GPU still has 74994 MiB allocated, waiting...
[2026-05-10 00:08:27] GPU still has 69108 MiB allocated, waiting...
[2026-05-10 00:08:37] GPU still has 66632 MiB allocated, waiting...
[2026-05-10 00:08:48] GPU still has 74642 MiB allocated, waiting...
[2026-05-10 00:08:58] GPU still has 78766 MiB allocated, waiting...
[2026-05-10 00:09:08] GPU still has 75244 MiB allocated, waiting...
[2026-05-10 00:09:18] GPU still has 77424 MiB allocated, waiting...
[2026-05-10 00:09:28] GPU still has 69038 MiB allocated, waiting...
[2026-05-10 00:09:38] GPU still has 60504 MiB allocated, waiting...
[2026-05-10 00:09:48] GPU still has 78766 MiB allocated, waiting...
[2026-05-10 00:09:58] GPU still has 60504 MiB allocated, waiting...
[2026-05-10 00:10:08] GPU still has 60504 MiB allocated, waiting...
[2026-05-10 00:10:18] GPU still has 69650 MiB allocated, waiting...
[2026-05-10 00:10:28] GPU still has 60504 MiB allocated, waiting...
[2026-05-10 00:10:39] GPU still has 76454 MiB allocated, waiting...
[2026-05-10 00:10:49] GPU still has 76154 MiB allocated, waiting...
[2026-05-10 00:10:59] GPU still has 75964 MiB allocated, waiting...
[2026-05-10 00:11:09] GPU still has 77562 MiB allocated, waiting...
[2026-05-10 00:11:19] GPU still has 60504 MiB allocated, waiting...
[2026-05-10 00:11:29] GPU still has 64426 MiB allocated, waiting...
[2026-05-10 00:11:39] GPU still has 75218 MiB allocated, waiting...
[2026-05-10 00:11:49] GPU still has 73722 MiB allocated, waiting...
[2026-05-10 00:12:00] GPU still has 73228 MiB allocated, waiting...
[2026-05-10 00:12:10] GPU still has 74702 MiB allocated, waiting...
[2026-05-10 00:12:20] GPU still has 78186 MiB allocated, waiting...
[2026-05-10 00:12:30] GPU still has 77406 MiB allocated, waiting...
[2026-05-10 00:12:40] GPU still has 78766 MiB allocated, waiting...
[2026-05-10 00:12:50] GPU still has 60504 MiB allocated, waiting...
[2026-05-10 00:13:00] GPU still has 72330 MiB allocated, waiting...
[2026-05-10 00:13:10] GPU still has 76480 MiB allocated, waiting...
[2026-05-10 00:13:20] GPU still has 78316 MiB allocated, waiting...
[2026-05-10 00:13:31] GPU still has 62830 MiB allocated, waiting...
[2026-05-10 00:13:41] GPU still has 60504 MiB allocated, waiting...
[2026-05-10 00:13:51] GPU still has 60504 MiB allocated, waiting...
[2026-05-10 00:14:01] GPU still has 60504 MiB allocated, waiting...
[2026-05-10 00:14:11] GPU still has 60504 MiB allocated, waiting...
[2026-05-10 00:14:21] GPU still has 73828 MiB allocated, waiting...
[2026-05-10 00:14:31] GPU still has 77698 MiB allocated, waiting...
[2026-05-10 00:14:41] GPU still has 60504 MiB allocated, waiting...
[2026-05-10 00:14:51] GPU still has 78600 MiB allocated, waiting...
[2026-05-10 00:15:01] GPU still has 67268 MiB allocated, waiting...
[2026-05-10 00:15:11] GPU still has 73278 MiB allocated, waiting...
[2026-05-10 00:15:22] GPU still has 69338 MiB allocated, waiting...
[2026-05-10 00:15:32] GPU still has 78334 MiB allocated, waiting...
[2026-05-10 00:15:42] GPU still has 60504 MiB allocated, waiting...
[2026-05-10 00:15:52] GPU still has 77680 MiB allocated, waiting...
[2026-05-10 00:16:02] GPU still has 78762 MiB allocated, waiting...
[2026-05-10 00:16:12] GPU still has 78744 MiB allocated, waiting...
[2026-05-10 00:16:22] GPU still has 66990 MiB allocated, waiting...
[2026-05-10 00:16:32] GPU still has 78766 MiB allocated, waiting...
[2026-05-10 00:16:43] GPU still has 60504 MiB allocated, waiting...
[2026-05-10 00:16:53] GPU still has 63138 MiB allocated, waiting...
[2026-05-10 00:17:03] GPU still has 75220 MiB allocated, waiting...
[2026-05-10 00:17:13] GPU still has 76130 MiB allocated, waiting...
[2026-05-10 00:17:23] GPU still has 77340 MiB allocated, waiting...
[2026-05-10 00:17:33] GPU still has 67430 MiB allocated, waiting...
[2026-05-10 00:17:43] GPU still has 78562 MiB allocated, waiting...
[2026-05-10 00:17:53] GPU still has 78766 MiB allocated, waiting...
[2026-05-10 00:18:03] GPU still has 65210 MiB allocated, waiting...
[2026-05-10 00:18:13] GPU still has 60504 MiB allocated, waiting...
[2026-05-10 00:18:23] GPU still has 78704 MiB allocated, waiting...
[2026-05-10 00:18:33] GPU still has 69820 MiB allocated, waiting...
[2026-05-10 00:18:44] GPU still has 64650 MiB allocated, waiting...
[2026-05-10 00:18:54] GPU still has 60504 MiB allocated, waiting...
[2026-05-10 00:19:04] GPU still has 60504 MiB allocated, waiting...
[2026-05-10 00:19:14] GPU still has 74368 MiB allocated, waiting...
[2026-05-10 00:19:24] GPU still has 72176 MiB allocated, waiting...
[2026-05-10 00:19:34] GPU still has 62794 MiB allocated, waiting...
[2026-05-10 00:19:44] GPU still has 62678 MiB allocated, waiting...
[2026-05-10 00:19:54] GPU still has 64558 MiB allocated, waiting...
[2026-05-10 00:20:04] GPU still has 63194 MiB allocated, waiting...
[2026-05-10 00:20:14] GPU still has 62820 MiB allocated, waiting...
[2026-05-10 00:20:24] GPU still has 60504 MiB allocated, waiting...
[2026-05-10 00:20:35] GPU still has 63198 MiB allocated, waiting...
[2026-05-10 00:20:45] GPU still has 63544 MiB allocated, waiting...
[2026-05-10 00:20:55] GPU still has 60504 MiB allocated, waiting...
[2026-05-10 00:21:05] GPU still has 60504 MiB allocated, waiting...
[2026-05-10 00:21:15] GPU still has 60522 MiB allocated, waiting...
[2026-05-10 00:21:25] GPU still has 60504 MiB allocated, waiting...
[2026-05-10 00:21:35] GPU still has 60504 MiB allocated, waiting...
[2026-05-10 00:21:45] GPU still has 60672 MiB allocated, waiting...
[2026-05-10 00:21:55] GPU still has 60504 MiB allocated, waiting...
[2026-05-10 00:22:05] GPU still has 60552 MiB allocated, waiting...
[2026-05-10 00:22:16] GPU still has 60504 MiB allocated, waiting...
[2026-05-10 00:22:26] GPU still has 60504 MiB allocated, waiting...
[2026-05-10 00:22:36] GPU still has 60504 MiB allocated, waiting...
[2026-05-10 00:22:46] GPU still has 60504 MiB allocated, waiting...
[2026-05-10 00:22:56] GPU still has 60504 MiB allocated, waiting...
[2026-05-10 00:23:06] GPU is free. Starting cyber test extraction.
