[2026-05-09 22:42:01] waiting for fitted_probes.npz...
[2026-05-10 00:14:35] fitted_probes.npz ready; running P2 for 3 probe variants
 delete mode 100755 .nfs64f4b6d00dd0e5f900000003
 create mode 100644 logs/p2_picker_lr_last_L45.log
 create mode 100644 logs/p2_picker_lr_multi_concat.log
To github.com:Saladino93/mechhack.git
   7c1f78a..0482c8b  main -> main
[2026-05-10 00:15:00] waiting for edits_scored_multi.jsonl (Track E E1b)...
/home/ubuntu/georgia/mechhack/run_track_p.sh: line 43: experiments/24_robustness_omar/edits_scored_multi.jsonl: No such file or directory
[2026-05-10 00:16:00] waiting... edits_scored_multi=0
/home/ubuntu/georgia/mechhack/run_track_p.sh: line 43: experiments/24_robustness_omar/edits_scored_multi.jsonl: No such file or directory
[2026-05-10 00:17:00] waiting... edits_scored_multi=0
/home/ubuntu/georgia/mechhack/run_track_p.sh: line 43: experiments/24_robustness_omar/edits_scored_multi.jsonl: No such file or directory
[2026-05-10 00:18:00] waiting... edits_scored_multi=0
/home/ubuntu/georgia/mechhack/run_track_p.sh: line 43: experiments/24_robustness_omar/edits_scored_multi.jsonl: No such file or directory
[2026-05-10 00:19:01] waiting... edits_scored_multi=0
/home/ubuntu/georgia/mechhack/run_track_p.sh: line 43: experiments/24_robustness_omar/edits_scored_multi.jsonl: No such file or directory
[2026-05-10 00:20:01] waiting... edits_scored_multi=0
/home/ubuntu/georgia/mechhack/run_track_p.sh: line 43: experiments/24_robustness_omar/edits_scored_multi.jsonl: No such file or directory
[2026-05-10 00:21:01] waiting... edits_scored_multi=0
/home/ubuntu/georgia/mechhack/run_track_p.sh: line 43: experiments/24_robustness_omar/edits_scored_multi.jsonl: No such file or directory
[2026-05-10 00:22:01] waiting... edits_scored_multi=0
/home/ubuntu/georgia/mechhack/run_track_p.sh: line 43: experiments/24_robustness_omar/edits_scored_multi.jsonl: No such file or directory
[2026-05-10 00:23:01] waiting... edits_scored_multi=0
/home/ubuntu/georgia/mechhack/run_track_p.sh: line 43: experiments/24_robustness_omar/edits_scored_multi.jsonl: No such file or directory
[2026-05-10 00:24:01] waiting... edits_scored_multi=0
/home/ubuntu/georgia/mechhack/run_track_p.sh: line 43: experiments/24_robustness_omar/edits_scored_multi.jsonl: No such file or directory
[2026-05-10 00:25:01] waiting... edits_scored_multi=0
/home/ubuntu/georgia/mechhack/run_track_p.sh: line 43: experiments/24_robustness_omar/edits_scored_multi.jsonl: No such file or directory
[2026-05-10 00:26:01] waiting... edits_scored_multi=0
/home/ubuntu/georgia/mechhack/run_track_p.sh: line 43: experiments/24_robustness_omar/edits_scored_multi.jsonl: No such file or directory
[2026-05-10 00:27:01] waiting... edits_scored_multi=0
/home/ubuntu/georgia/mechhack/run_track_p.sh: line 43: experiments/24_robustness_omar/edits_scored_multi.jsonl: No such file or directory
[2026-05-10 00:28:01] waiting... edits_scored_multi=0
/home/ubuntu/georgia/mechhack/run_track_p.sh: line 43: experiments/24_robustness_omar/edits_scored_multi.jsonl: No such file or directory
[2026-05-10 00:29:01] waiting... edits_scored_multi=0
/home/ubuntu/georgia/mechhack/run_track_p.sh: line 43: experiments/24_robustness_omar/edits_scored_multi.jsonl: No such file or directory
[2026-05-10 00:30:01] waiting... edits_scored_multi=0
/home/ubuntu/georgia/mechhack/run_track_p.sh: line 43: experiments/24_robustness_omar/edits_scored_multi.jsonl: No such file or directory
[2026-05-10 00:31:01] waiting... edits_scored_multi=0
/home/ubuntu/georgia/mechhack/run_track_p.sh: line 43: experiments/24_robustness_omar/edits_scored_multi.jsonl: No such file or directory
[2026-05-10 00:32:01] waiting... edits_scored_multi=0
/home/ubuntu/georgia/mechhack/run_track_p.sh: line 43: experiments/24_robustness_omar/edits_scored_multi.jsonl: No such file or directory
[2026-05-10 00:33:01] waiting... edits_scored_multi=0
/home/ubuntu/georgia/mechhack/run_track_p.sh: line 43: experiments/24_robustness_omar/edits_scored_multi.jsonl: No such file or directory
[2026-05-10 00:34:01] waiting... edits_scored_multi=0
/home/ubuntu/georgia/mechhack/run_track_p.sh: line 43: experiments/24_robustness_omar/edits_scored_multi.jsonl: No such file or directory
[2026-05-10 00:35:01] waiting... edits_scored_multi=0
/home/ubuntu/georgia/mechhack/run_track_p.sh: line 43: experiments/24_robustness_omar/edits_scored_multi.jsonl: No such file or directory
[2026-05-10 00:36:01] waiting... edits_scored_multi=0
/home/ubuntu/georgia/mechhack/run_track_p.sh: line 43: experiments/24_robustness_omar/edits_scored_multi.jsonl: No such file or directory
[2026-05-10 00:37:01] waiting... edits_scored_multi=0
/home/ubuntu/georgia/mechhack/run_track_p.sh: line 43: experiments/24_robustness_omar/edits_scored_multi.jsonl: No such file or directory
[2026-05-10 00:38:01] waiting... edits_scored_multi=0
/home/ubuntu/georgia/mechhack/run_track_p.sh: line 43: experiments/24_robustness_omar/edits_scored_multi.jsonl: No such file or directory
[2026-05-10 00:39:01] waiting... edits_scored_multi=0
/home/ubuntu/georgia/mechhack/run_track_p.sh: line 43: experiments/24_robustness_omar/edits_scored_multi.jsonl: No such file or directory
[2026-05-10 00:40:01] waiting... edits_scored_multi=0
/home/ubuntu/georgia/mechhack/run_track_p.sh: line 43: experiments/24_robustness_omar/edits_scored_multi.jsonl: No such file or directory
[2026-05-10 00:41:01] waiting... edits_scored_multi=0
/home/ubuntu/georgia/mechhack/run_track_p.sh: line 43: experiments/24_robustness_omar/edits_scored_multi.jsonl: No such file or directory
[2026-05-10 00:42:01] waiting... edits_scored_multi=0
/home/ubuntu/georgia/mechhack/run_track_p.sh: line 43: experiments/24_robustness_omar/edits_scored_multi.jsonl: No such file or directory
[2026-05-10 00:43:02] waiting... edits_scored_multi=0
/home/ubuntu/georgia/mechhack/run_track_p.sh: line 43: experiments/24_robustness_omar/edits_scored_multi.jsonl: No such file or directory
[2026-05-10 00:44:02] waiting... edits_scored_multi=0
/home/ubuntu/georgia/mechhack/run_track_p.sh: line 43: experiments/24_robustness_omar/edits_scored_multi.jsonl: No such file or directory
[2026-05-10 00:45:02] waiting... edits_scored_multi=0
/home/ubuntu/georgia/mechhack/run_track_p.sh: line 43: experiments/24_robustness_omar/edits_scored_multi.jsonl: No such file or directory
[2026-05-10 00:46:02] waiting... edits_scored_multi=0
/home/ubuntu/georgia/mechhack/run_track_p.sh: line 43: experiments/24_robustness_omar/edits_scored_multi.jsonl: No such file or directory
[2026-05-10 00:47:02] waiting... edits_scored_multi=0
/home/ubuntu/georgia/mechhack/run_track_p.sh: line 43: experiments/24_robustness_omar/edits_scored_multi.jsonl: No such file or directory
[2026-05-10 00:48:02] waiting... edits_scored_multi=0
/home/ubuntu/georgia/mechhack/run_track_p.sh: line 43: experiments/24_robustness_omar/edits_scored_multi.jsonl: No such file or directory
[2026-05-10 00:49:02] waiting... edits_scored_multi=0
/home/ubuntu/georgia/mechhack/run_track_p.sh: line 43: experiments/24_robustness_omar/edits_scored_multi.jsonl: No such file or directory
[2026-05-10 00:50:02] waiting... edits_scored_multi=0
/home/ubuntu/georgia/mechhack/run_track_p.sh: line 43: experiments/24_robustness_omar/edits_scored_multi.jsonl: No such file or directory
[2026-05-10 00:51:02] waiting... edits_scored_multi=0
/home/ubuntu/georgia/mechhack/run_track_p.sh: line 43: experiments/24_robustness_omar/edits_scored_multi.jsonl: No such file or directory
[2026-05-10 00:52:02] waiting... edits_scored_multi=0
/home/ubuntu/georgia/mechhack/run_track_p.sh: line 43: experiments/24_robustness_omar/edits_scored_multi.jsonl: No such file or directory
[2026-05-10 00:53:02] waiting... edits_scored_multi=0
/home/ubuntu/georgia/mechhack/run_track_p.sh: line 43: experiments/24_robustness_omar/edits_scored_multi.jsonl: No such file or directory
[2026-05-10 00:54:02] waiting... edits_scored_multi=0
/home/ubuntu/georgia/mechhack/run_track_p.sh: line 43: experiments/24_robustness_omar/edits_scored_multi.jsonl: No such file or directory
[2026-05-10 00:55:02] waiting... edits_scored_multi=0
/home/ubuntu/georgia/mechhack/run_track_p.sh: line 43: experiments/24_robustness_omar/edits_scored_multi.jsonl: No such file or directory
[2026-05-10 00:56:02] waiting... edits_scored_multi=0
/home/ubuntu/georgia/mechhack/run_track_p.sh: line 43: experiments/24_robustness_omar/edits_scored_multi.jsonl: No such file or directory
[2026-05-10 00:57:02] waiting... edits_scored_multi=0
/home/ubuntu/georgia/mechhack/run_track_p.sh: line 43: experiments/24_robustness_omar/edits_scored_multi.jsonl: No such file or directory
[2026-05-10 00:58:02] waiting... edits_scored_multi=0
/home/ubuntu/georgia/mechhack/run_track_p.sh: line 43: experiments/24_robustness_omar/edits_scored_multi.jsonl: No such file or directory
[2026-05-10 00:59:02] waiting... edits_scored_multi=0
/home/ubuntu/georgia/mechhack/run_track_p.sh: line 43: experiments/24_robustness_omar/edits_scored_multi.jsonl: No such file or directory
[2026-05-10 01:00:02] waiting... edits_scored_multi=0
/home/ubuntu/georgia/mechhack/run_track_p.sh: line 43: experiments/24_robustness_omar/edits_scored_multi.jsonl: No such file or directory
[2026-05-10 01:01:02] waiting... edits_scored_multi=0
/home/ubuntu/georgia/mechhack/run_track_p.sh: line 43: experiments/24_robustness_omar/edits_scored_multi.jsonl: No such file or directory
[2026-05-10 01:02:02] waiting... edits_scored_multi=0
/home/ubuntu/georgia/mechhack/run_track_p.sh: line 43: experiments/24_robustness_omar/edits_scored_multi.jsonl: No such file or directory
[2026-05-10 01:03:02] waiting... edits_scored_multi=0
/home/ubuntu/georgia/mechhack/run_track_p.sh: line 43: experiments/24_robustness_omar/edits_scored_multi.jsonl: No such file or directory
[2026-05-10 01:04:02] waiting... edits_scored_multi=0
/home/ubuntu/georgia/mechhack/run_track_p.sh: line 43: experiments/24_robustness_omar/edits_scored_multi.jsonl: No such file or directory
[2026-05-10 01:05:02] waiting... edits_scored_multi=0
/home/ubuntu/georgia/mechhack/run_track_p.sh: line 43: experiments/24_robustness_omar/edits_scored_multi.jsonl: No such file or directory
[2026-05-10 01:06:02] waiting... edits_scored_multi=0
/home/ubuntu/georgia/mechhack/run_track_p.sh: line 43: experiments/24_robustness_omar/edits_scored_multi.jsonl: No such file or directory
[2026-05-10 01:07:02] waiting... edits_scored_multi=0
/home/ubuntu/georgia/mechhack/run_track_p.sh: line 43: experiments/24_robustness_omar/edits_scored_multi.jsonl: No such file or directory
[2026-05-10 01:08:02] waiting... edits_scored_multi=0
/home/ubuntu/georgia/mechhack/run_track_p.sh: line 43: experiments/24_robustness_omar/edits_scored_multi.jsonl: No such file or directory
[2026-05-10 01:09:02] waiting... edits_scored_multi=0
/home/ubuntu/georgia/mechhack/run_track_p.sh: line 43: experiments/24_robustness_omar/edits_scored_multi.jsonl: No such file or directory
[2026-05-10 01:10:02] waiting... edits_scored_multi=0
