[quadratic probe] task=cyber_1 layer=40 d_pca=32
  n_quadratic_features = 560
  output -> /lambda/nfs/georgia/mechhack/experiments/17_quadratic_probe_omar/results/cyber_1_d32_L40.json
  loaded cyber cyber_1 L40 from cache: n=999 pos=500 neg=499
  X shape: (999, 5376) (0.1s)

  -- Linear LR baseline (raw activations) --
    fold 0: test_AUC=0.9768 train_AUC=1.0000 acc=0.9250 | 24.9s
    fold 1: test_AUC=0.9887 train_AUC=1.0000 acc=0.9350 | 16.5s
    fold 2: test_AUC=0.9766 train_AUC=1.0000 acc=0.9150 | 14.0s
    fold 3: test_AUC=0.9891 train_AUC=1.0000 acc=0.9500 | 16.2s
    fold 4: test_AUC=0.9823 train_AUC=1.0000 acc=0.9146 | 16.8s
  LINEAR: AUC = 0.9827 ± 0.0061 [0.9671, 0.9910]

  -- Linear LR on d_pca=32 PCs (apples-to-apples) --
  LINEAR-ON-32-PCs: AUC = 0.9631 ± 0.0171 [0.9427, 0.9764]

  -- Quadratic probe (d_pca=32) --
/home/ubuntu/.local/lib/python3.10/site-packages/sklearn/linear_model/_ridge.py:213: LinAlgWarning: Ill-conditioned matrix (rcond=4.49098e-09): result may not be accurate.
  return linalg.solve(A, Xy, assume_a="pos", overwrite_a=True).T
/home/ubuntu/.local/lib/python3.10/site-packages/sklearn/linear_model/_ridge.py:213: LinAlgWarning: Ill-conditioned matrix (rcond=4.54459e-09): result may not be accurate.
  return linalg.solve(A, Xy, assume_a="pos", overwrite_a=True).T
/home/ubuntu/.local/lib/python3.10/site-packages/sklearn/linear_model/_ridge.py:213: LinAlgWarning: Ill-conditioned matrix (rcond=5.10224e-09): result may not be accurate.
  return linalg.solve(A, Xy, assume_a="pos", overwrite_a=True).T
/home/ubuntu/.local/lib/python3.10/site-packages/sklearn/linear_model/_ridge.py:213: LinAlgWarning: Ill-conditioned matrix (rcond=1.13887e-08): result may not be accurate.
  return linalg.solve(A, Xy, assume_a="pos", overwrite_a=True).T
/home/ubuntu/.local/lib/python3.10/site-packages/sklearn/linear_model/_ridge.py:213: LinAlgWarning: Ill-conditioned matrix (rcond=2.76391e-08): result may not be accurate.
  return linalg.solve(A, Xy, assume_a="pos", overwrite_a=True).T
    fold 0: alpha=100.0 test_AUC=0.8859 train_AUC=0.9996 acc=0.8100 | 16.0s
/home/ubuntu/.local/lib/python3.10/site-packages/sklearn/linear_model/_ridge.py:213: LinAlgWarning: Ill-conditioned matrix (rcond=4.40514e-09): result may not be accurate.
  return linalg.solve(A, Xy, assume_a="pos", overwrite_a=True).T
/home/ubuntu/.local/lib/python3.10/site-packages/sklearn/linear_model/_ridge.py:213: LinAlgWarning: Ill-conditioned matrix (rcond=4.45821e-09): result may not be accurate.
  return linalg.solve(A, Xy, assume_a="pos", overwrite_a=True).T
/home/ubuntu/.local/lib/python3.10/site-packages/sklearn/linear_model/_ridge.py:213: LinAlgWarning: Ill-conditioned matrix (rcond=5.00342e-09): result may not be accurate.
  return linalg.solve(A, Xy, assume_a="pos", overwrite_a=True).T
/home/ubuntu/.local/lib/python3.10/site-packages/sklearn/linear_model/_ridge.py:213: LinAlgWarning: Ill-conditioned matrix (rcond=1.03439e-08): result may not be accurate.
  return linalg.solve(A, Xy, assume_a="pos", overwrite_a=True).T
/home/ubuntu/.local/lib/python3.10/site-packages/sklearn/linear_model/_ridge.py:213: LinAlgWarning: Ill-conditioned matrix (rcond=2.07783e-08): result may not be accurate.
  return linalg.solve(A, Xy, assume_a="pos", overwrite_a=True).T
    fold 1: alpha=100.0 test_AUC=0.8572 train_AUC=0.9996 acc=0.7950 | 12.7s
/home/ubuntu/.local/lib/python3.10/site-packages/sklearn/linear_model/_ridge.py:213: LinAlgWarning: Ill-conditioned matrix (rcond=3.88112e-09): result may not be accurate.
  return linalg.solve(A, Xy, assume_a="pos", overwrite_a=True).T
/home/ubuntu/.local/lib/python3.10/site-packages/sklearn/linear_model/_ridge.py:213: LinAlgWarning: Ill-conditioned matrix (rcond=3.94859e-09): result may not be accurate.
  return linalg.solve(A, Xy, assume_a="pos", overwrite_a=True).T
/home/ubuntu/.local/lib/python3.10/site-packages/sklearn/linear_model/_ridge.py:213: LinAlgWarning: Ill-conditioned matrix (rcond=4.60857e-09): result may not be accurate.
  return linalg.solve(A, Xy, assume_a="pos", overwrite_a=True).T
/home/ubuntu/.local/lib/python3.10/site-packages/sklearn/linear_model/_ridge.py:213: LinAlgWarning: Ill-conditioned matrix (rcond=1.06836e-08): result may not be accurate.
  return linalg.solve(A, Xy, assume_a="pos", overwrite_a=True).T
/home/ubuntu/.local/lib/python3.10/site-packages/sklearn/linear_model/_ridge.py:213: LinAlgWarning: Ill-conditioned matrix (rcond=3.03089e-08): result may not be accurate.
  return linalg.solve(A, Xy, assume_a="pos", overwrite_a=True).T
    fold 2: alpha=100.0 test_AUC=0.8570 train_AUC=0.9993 acc=0.8150 | 12.3s
/home/ubuntu/.local/lib/python3.10/site-packages/sklearn/linear_model/_ridge.py:213: LinAlgWarning: Ill-conditioned matrix (rcond=4.29349e-09): result may not be accurate.
  return linalg.solve(A, Xy, assume_a="pos", overwrite_a=True).T
/home/ubuntu/.local/lib/python3.10/site-packages/sklearn/linear_model/_ridge.py:213: LinAlgWarning: Ill-conditioned matrix (rcond=4.36266e-09): result may not be accurate.
  return linalg.solve(A, Xy, assume_a="pos", overwrite_a=True).T
/home/ubuntu/.local/lib/python3.10/site-packages/sklearn/linear_model/_ridge.py:213: LinAlgWarning: Ill-conditioned matrix (rcond=5.03174e-09): result may not be accurate.
  return linalg.solve(A, Xy, assume_a="pos", overwrite_a=True).T
/home/ubuntu/.local/lib/python3.10/site-packages/sklearn/linear_model/_ridge.py:213: LinAlgWarning: Ill-conditioned matrix (rcond=1.11115e-08): result may not be accurate.
  return linalg.solve(A, Xy, assume_a="pos", overwrite_a=True).T
/home/ubuntu/.local/lib/python3.10/site-packages/sklearn/linear_model/_ridge.py:213: LinAlgWarning: Ill-conditioned matrix (rcond=2.25061e-08): result may not be accurate.
  return linalg.solve(A, Xy, assume_a="pos", overwrite_a=True).T
    fold 3: alpha=100.0 test_AUC=0.8856 train_AUC=0.9996 acc=0.8250 | 14.5s
/home/ubuntu/.local/lib/python3.10/site-packages/sklearn/linear_model/_ridge.py:213: LinAlgWarning: Ill-conditioned matrix (rcond=4.82477e-09): result may not be accurate.
  return linalg.solve(A, Xy, assume_a="pos", overwrite_a=True).T
/home/ubuntu/.local/lib/python3.10/site-packages/sklearn/linear_model/_ridge.py:213: LinAlgWarning: Ill-conditioned matrix (rcond=4.89185e-09): result may not be accurate.
  return linalg.solve(A, Xy, assume_a="pos", overwrite_a=True).T
/home/ubuntu/.local/lib/python3.10/site-packages/sklearn/linear_model/_ridge.py:213: LinAlgWarning: Ill-conditioned matrix (rcond=5.53455e-09): result may not be accurate.
  return linalg.solve(A, Xy, assume_a="pos", overwrite_a=True).T
/home/ubuntu/.local/lib/python3.10/site-packages/sklearn/linear_model/_ridge.py:213: LinAlgWarning: Ill-conditioned matrix (rcond=9.43716e-09): result may not be accurate.
  return linalg.solve(A, Xy, assume_a="pos", overwrite_a=True).T
/home/ubuntu/.local/lib/python3.10/site-packages/sklearn/linear_model/_ridge.py:213: LinAlgWarning: Ill-conditioned matrix (rcond=2.38332e-08): result may not be accurate.
  return linalg.solve(A, Xy, assume_a="pos", overwrite_a=True).T
    fold 4: alpha=100.0 test_AUC=0.9185 train_AUC=0.9993 acc=0.8593 | 9.3s
  QUADRATIC: AUC = 0.8808 ± 0.0255 [0.8495, 0.9064]

  delta (quad - linear-on-raw)  = -0.1019
  delta (quad - linear-on-32-PCs) = -0.0822
  → QUADRATIC < LINEAR : PCA bottleneck dominates / overfit

written to /lambda/nfs/georgia/mechhack/experiments/17_quadratic_probe_omar/results/cyber_1_d32_L40.json  (189.2s wall)
