loaded 403 edit scores
  28 probes × 5 edit kinds
             lr_last_L10  Pr(f|edit)=0.025  Pr(m|edit)=0.134  Pr(m|f)=0.750 (n=8)
             lr_last_L15  Pr(f|edit)=0.031  Pr(m|edit)=0.134  Pr(m|f)=0.600 (n=10)
             lr_last_L20  Pr(f|edit)=0.034  Pr(m|edit)=0.134  Pr(m|f)=0.545 (n=11)
             lr_last_L25  Pr(f|edit)=0.006  Pr(m|edit)=0.134  Pr(m|f)=1.000 (n=2)
             lr_last_L30  Pr(f|edit)=0.016  Pr(m|edit)=0.134  Pr(m|f)=0.600 (n=5)
             lr_last_L35  Pr(f|edit)=0.019  Pr(m|edit)=0.134  Pr(m|f)=0.500 (n=6)
             lr_last_L40  Pr(f|edit)=0.025  Pr(m|edit)=0.134  Pr(m|f)=0.750 (n=8)
             lr_last_L45  Pr(f|edit)=0.025  Pr(m|edit)=0.134  Pr(m|f)=0.625 (n=8)
              lr_last_L5  Pr(f|edit)=0.006  Pr(m|edit)=0.134  Pr(m|f)=1.000 (n=2)
             lr_last_L50  Pr(f|edit)=0.022  Pr(m|edit)=0.134  Pr(m|f)=0.714 (n=7)
             lr_last_L55  Pr(f|edit)=0.028  Pr(m|edit)=0.134  Pr(m|f)=0.778 (n=9)
             lr_last_L60  Pr(f|edit)=0.022  Pr(m|edit)=0.134  Pr(m|f)=1.000 (n=7)
        lr_max_of_layers  Pr(f|edit)=0.016  Pr(m|edit)=0.134  Pr(m|f)=0.200 (n=5)
              lr_mean_L0  Pr(f|edit)=0.000  Pr(m|edit)=0.134  Pr(m|f)=nan (n=0)
             lr_mean_L10  Pr(f|edit)=0.000  Pr(m|edit)=0.134  Pr(m|f)=nan (n=0)
             lr_mean_L15  Pr(f|edit)=0.006  Pr(m|edit)=0.134  Pr(m|f)=0.500 (n=2)
             lr_mean_L20  Pr(f|edit)=0.006  Pr(m|edit)=0.134  Pr(m|f)=0.500 (n=2)
             lr_mean_L25  Pr(f|edit)=0.003  Pr(m|edit)=0.134  Pr(m|f)=1.000 (n=1)
             lr_mean_L30  Pr(f|edit)=0.006  Pr(m|edit)=0.134  Pr(m|f)=0.500 (n=2)
             lr_mean_L35  Pr(f|edit)=0.006  Pr(m|edit)=0.134  Pr(m|f)=0.500 (n=2)
             lr_mean_L40  Pr(f|edit)=0.009  Pr(m|edit)=0.134  Pr(m|f)=0.667 (n=3)
             lr_mean_L45  Pr(f|edit)=0.003  Pr(m|edit)=0.134  Pr(m|f)=1.000 (n=1)
              lr_mean_L5  Pr(f|edit)=0.009  Pr(m|edit)=0.134  Pr(m|f)=0.000 (n=3)
             lr_mean_L50  Pr(f|edit)=0.003  Pr(m|edit)=0.134  Pr(m|f)=1.000 (n=1)
             lr_mean_L55  Pr(f|edit)=0.003  Pr(m|edit)=0.134  Pr(m|f)=1.000 (n=1)
             lr_mean_L60  Pr(f|edit)=0.006  Pr(m|edit)=0.134  Pr(m|f)=0.500 (n=2)
       lr_mean_of_layers  Pr(f|edit)=0.012  Pr(m|edit)=0.134  Pr(m|f)=1.000 (n=4)
         lr_multi_concat  Pr(f|edit)=0.003  Pr(m|edit)=0.134  Pr(m|f)=1.000 (n=1)

wrote /lambda/nfs/georgia/mechhack/experiments/24_robustness_omar/robustness_summary.json and /lambda/nfs/georgia/mechhack/experiments/24_robustness_omar/robustness_table.md
