loaded 403 multi-probe scored edits
  probes: 28

[P3 multi-probe consensus]
  k=2/3 limited to: ['lr_last_L45', 'lr_max_of_layers', 'lr_mean_L40', 'lr_mean_of_layers', 'lr_multi_concat']

  k=2 consensus (sorted desc by Pr_model|consensus):
    lr_last_L45 ∧ lr_mean_L40: Pr=1.000  (1/1)  CI=[0.207,1.000]
    lr_last_L45 ∧ lr_mean_of_layers: Pr=1.000  (3/3)  CI=[0.438,1.000]
    lr_last_L45 ∧ lr_multi_concat: Pr=1.000  (1/1)  CI=[0.207,1.000]
    lr_max_of_layers ∧ lr_mean_of_layers: Pr=1.000  (1/1)  CI=[0.207,1.000]
    lr_max_of_layers ∧ lr_multi_concat: Pr=1.000  (1/1)  CI=[0.207,1.000]
    lr_mean_L40 ∧ lr_mean_of_layers: Pr=1.000  (1/1)  CI=[0.207,1.000]
    lr_mean_L40 ∧ lr_multi_concat: Pr=1.000  (1/1)  CI=[0.207,1.000]
    lr_mean_of_layers ∧ lr_multi_concat: Pr=1.000  (1/1)  CI=[0.207,1.000]

  k=3 consensus (sorted desc):
    lr_last_L45 ∧ lr_max_of_layers ∧ lr_mean_L40: Pr=1.000  (1/1)  CI=[0.207,1.000]
    lr_last_L45 ∧ lr_max_of_layers ∧ lr_mean_of_layers: Pr=1.000  (1/1)  CI=[0.207,1.000]
    lr_last_L45 ∧ lr_max_of_layers ∧ lr_multi_concat: Pr=1.000  (1/1)  CI=[0.207,1.000]
    lr_last_L45 ∧ lr_mean_L40 ∧ lr_mean_of_layers: Pr=1.000  (1/1)  CI=[0.207,1.000]
    lr_last_L45 ∧ lr_mean_L40 ∧ lr_multi_concat: Pr=1.000  (1/1)  CI=[0.207,1.000]
    lr_last_L45 ∧ lr_mean_of_layers ∧ lr_multi_concat: Pr=1.000  (1/1)  CI=[0.207,1.000]
    lr_max_of_layers ∧ lr_mean_L40 ∧ lr_mean_of_layers: Pr=1.000  (1/1)  CI=[0.207,1.000]
    lr_max_of_layers ∧ lr_mean_L40 ∧ lr_multi_concat: Pr=1.000  (1/1)  CI=[0.207,1.000]

[P4 best-of-N edit picker]
               lr_last_L45: best-edit Pr(model|edit)=0.025  (2/81)  CI=[0.007,0.086]
          lr_max_of_layers: best-edit Pr(model|edit)=0.012  (1/81)  CI=[0.002,0.067]
               lr_mean_L40: best-edit Pr(model|edit)=0.025  (2/81)  CI=[0.007,0.086]
         lr_mean_of_layers: best-edit Pr(model|edit)=0.025  (2/81)  CI=[0.007,0.086]
           lr_multi_concat: best-edit Pr(model|edit)=0.012  (1/81)  CI=[0.002,0.067]

wrote /lambda/nfs/georgia/mechhack/experiments/27_consensus_omar/consensus_summary.json and /lambda/nfs/georgia/mechhack/experiments/27_consensus_omar/best_of_n_summary.json
