[refusal pair/triple concat]

=== single layer (mean) ===
  L  0: AUC=0.8371 ± 0.0311  train=0.977  med|w|_1=624
  L  5: AUC=0.8274 ± 0.0316  train=0.938  med|w|_1=63
  L 10: AUC=0.8657 ± 0.0225  train=0.957  med|w|_1=93
  L 15: AUC=0.8863 ± 0.0219  train=0.967  med|w|_1=95
  L 20: AUC=0.8923 ± 0.0247  train=0.986  med|w|_1=425
  L 25: AUC=0.9117 ± 0.0218  train=0.994  med|w|_1=457
  L 30: AUC=0.9303 ± 0.0132  train=0.996  med|w|_1=410
  L 35: AUC=0.9363 ± 0.0124  train=0.988  med|w|_1=144
  L 40: AUC=0.9410 ± 0.0201  train=0.992  med|w|_1=402
  L 45: AUC=0.9217 ± 0.0159  train=0.996  med|w|_1=167
  L 50: AUC=0.9226 ± 0.0121  train=0.986  med|w|_1=457
  L 55: AUC=0.9230 ± 0.0151  train=0.987  med|w|_1=483
  L 60: AUC=0.9082 ± 0.0176  train=1.000  med|w|_1=170

=== consecutive pair concat ===
  L0+L5: AUC=0.8415 ± 0.0339  train=0.976
  L5+L10: AUC=0.8565 ± 0.0291  train=0.957
  L10+L15: AUC=0.8775 ± 0.0207  train=0.963
  L15+L20: AUC=0.8900 ± 0.0254  train=0.974
  L20+L25: AUC=0.9102 ± 0.0237  train=0.997
  L25+L30: AUC=0.9242 ± 0.0187  train=0.997
