loading cyber cyber_3 13-layer extracts...
  loaded 200/1000 in 123.9s
  loaded 400/1000 in 238.0s
  loaded 600/1000 in 344.4s
  loaded 800/1000 in 460.2s
  loaded 1000/1000 in 563.2s
  X_all shape: (1000, 13, 5376)  layer_idxs=[0, 5, 10, 15, 20, 25, 30, 35, 40, 45, 50, 55, 60]
  n_pos=500 n_neg=500
  output -> /lambda/nfs/georgia/mechhack/experiments/17_quadratic_probe_omar/results/cyber_3_d16_sweep.json

  === L0 ===
    fold 0: test_AUC=0.8798 train_AUC=0.9996 acc=0.7600 | 3.2s
    fold 1: test_AUC=0.8557 train_AUC=0.9997 acc=0.7500 | 4.0s
    fold 2: test_AUC=0.8864 train_AUC=0.9997 acc=0.7950 | 3.5s
    fold 3: test_AUC=0.8791 train_AUC=0.9997 acc=0.7850 | 3.6s
    fold 4: test_AUC=0.9113 train_AUC=0.9997 acc=0.8350 | 3.3s
    linear:  AUC=0.8825 ± 0.0199
    lin-PCs: AUC=0.6755 ± 0.0317
/home/ubuntu/.local/lib/python3.10/site-packages/sklearn/linear_model/_ridge.py:213: LinAlgWarning: Ill-conditioned matrix (rcond=1.54288e-08): result may not be accurate.
  return linalg.solve(A, Xy, assume_a="pos", overwrite_a=True).T
/home/ubuntu/.local/lib/python3.10/site-packages/sklearn/linear_model/_ridge.py:213: LinAlgWarning: Ill-conditioned matrix (rcond=1.54472e-08): result may not be accurate.
  return linalg.solve(A, Xy, assume_a="pos", overwrite_a=True).T
/home/ubuntu/.local/lib/python3.10/site-packages/sklearn/linear_model/_ridge.py:213: LinAlgWarning: Ill-conditioned matrix (rcond=1.56312e-08): result may not be accurate.
  return linalg.solve(A, Xy, assume_a="pos", overwrite_a=True).T
/home/ubuntu/.local/lib/python3.10/site-packages/sklearn/linear_model/_ridge.py:213: LinAlgWarning: Ill-conditioned matrix (rcond=1.7478e-08): result may not be accurate.
  return linalg.solve(A, Xy, assume_a="pos", overwrite_a=True).T
/home/ubuntu/.local/lib/python3.10/site-packages/sklearn/linear_model/_ridge.py:213: LinAlgWarning: Ill-conditioned matrix (rcond=2.11412e-08): result may not be accurate.
  return linalg.solve(A, Xy, assume_a="pos", overwrite_a=True).T
    fold 0: alpha=0.1 test_AUC=0.5965 train_AUC=0.8431 acc=0.5750 | 3.1s
/home/ubuntu/.local/lib/python3.10/site-packages/sklearn/linear_model/_ridge.py:213: LinAlgWarning: Ill-conditioned matrix (rcond=3.12412e-08): result may not be accurate.
  return linalg.solve(A, Xy, assume_a="pos", overwrite_a=True).T
/home/ubuntu/.local/lib/python3.10/site-packages/sklearn/linear_model/_ridge.py:213: LinAlgWarning: Ill-conditioned matrix (rcond=3.12795e-08): result may not be accurate.
  return linalg.solve(A, Xy, assume_a="pos", overwrite_a=True).T
/home/ubuntu/.local/lib/python3.10/site-packages/sklearn/linear_model/_ridge.py:213: LinAlgWarning: Ill-conditioned matrix (rcond=3.16665e-08): result may not be accurate.
  return linalg.solve(A, Xy, assume_a="pos", overwrite_a=True).T
/home/ubuntu/.local/lib/python3.10/site-packages/sklearn/linear_model/_ridge.py:213: LinAlgWarning: Ill-conditioned matrix (rcond=3.55478e-08): result may not be accurate.
  return linalg.solve(A, Xy, assume_a="pos", overwrite_a=True).T
/home/ubuntu/.local/lib/python3.10/site-packages/sklearn/linear_model/_ridge.py:213: LinAlgWarning: Ill-conditioned matrix (rcond=4.36792e-08): result may not be accurate.
  return linalg.solve(A, Xy, assume_a="pos", overwrite_a=True).T
    fold 1: alpha=0.1 test_AUC=0.6851 train_AUC=0.8355 acc=0.5950 | 2.6s
/home/ubuntu/.local/lib/python3.10/site-packages/sklearn/linear_model/_ridge.py:213: LinAlgWarning: Ill-conditioned matrix (rcond=1.77492e-08): result may not be accurate.
  return linalg.solve(A, Xy, assume_a="pos", overwrite_a=True).T
/home/ubuntu/.local/lib/python3.10/site-packages/sklearn/linear_model/_ridge.py:213: LinAlgWarning: Ill-conditioned matrix (rcond=1.77665e-08): result may not be accurate.
  return linalg.solve(A, Xy, assume_a="pos", overwrite_a=True).T
/home/ubuntu/.local/lib/python3.10/site-packages/sklearn/linear_model/_ridge.py:213: LinAlgWarning: Ill-conditioned matrix (rcond=1.79399e-08): result may not be accurate.
  return linalg.solve(A, Xy, assume_a="pos", overwrite_a=True).T
/home/ubuntu/.local/lib/python3.10/site-packages/sklearn/linear_model/_ridge.py:213: LinAlgWarning: Ill-conditioned matrix (rcond=1.96746e-08): result may not be accurate.
  return linalg.solve(A, Xy, assume_a="pos", overwrite_a=True).T
/home/ubuntu/.local/lib/python3.10/site-packages/sklearn/linear_model/_ridge.py:213: LinAlgWarning: Ill-conditioned matrix (rcond=1.8905e-08): result may not be accurate.
  return linalg.solve(A, Xy, assume_a="pos", overwrite_a=True).T
    fold 2: alpha=10.0 test_AUC=0.6498 train_AUC=0.8388 acc=0.6100 | 2.8s
/home/ubuntu/.local/lib/python3.10/site-packages/sklearn/linear_model/_ridge.py:213: LinAlgWarning: Ill-conditioned matrix (rcond=2.15694e-08): result may not be accurate.
  return linalg.solve(A, Xy, assume_a="pos", overwrite_a=True).T
/home/ubuntu/.local/lib/python3.10/site-packages/sklearn/linear_model/_ridge.py:213: LinAlgWarning: Ill-conditioned matrix (rcond=2.15886e-08): result may not be accurate.
  return linalg.solve(A, Xy, assume_a="pos", overwrite_a=True).T
/home/ubuntu/.local/lib/python3.10/site-packages/sklearn/linear_model/_ridge.py:213: LinAlgWarning: Ill-conditioned matrix (rcond=2.23929e-08): result may not be accurate.
  return linalg.solve(A, Xy, assume_a="pos", overwrite_a=True).T
/home/ubuntu/.local/lib/python3.10/site-packages/sklearn/linear_model/_ridge.py:213: LinAlgWarning: Ill-conditioned matrix (rcond=2.37073e-08): result may not be accurate.
  return linalg.solve(A, Xy, assume_a="pos", overwrite_a=True).T
/home/ubuntu/.local/lib/python3.10/site-packages/sklearn/linear_model/_ridge.py:213: LinAlgWarning: Ill-conditioned matrix (rcond=2.51633e-08): result may not be accurate.
  return linalg.solve(A, Xy, assume_a="pos", overwrite_a=True).T
    fold 3: alpha=100.0 test_AUC=0.6898 train_AUC=0.8394 acc=0.6550 | 2.7s
/home/ubuntu/.local/lib/python3.10/site-packages/sklearn/linear_model/_ridge.py:213: LinAlgWarning: Ill-conditioned matrix (rcond=1.19403e-08): result may not be accurate.
  return linalg.solve(A, Xy, assume_a="pos", overwrite_a=True).T
/home/ubuntu/.local/lib/python3.10/site-packages/sklearn/linear_model/_ridge.py:213: LinAlgWarning: Ill-conditioned matrix (rcond=1.19556e-08): result may not be accurate.
  return linalg.solve(A, Xy, assume_a="pos", overwrite_a=True).T
/home/ubuntu/.local/lib/python3.10/site-packages/sklearn/linear_model/_ridge.py:213: LinAlgWarning: Ill-conditioned matrix (rcond=1.21103e-08): result may not be accurate.
  return linalg.solve(A, Xy, assume_a="pos", overwrite_a=True).T
/home/ubuntu/.local/lib/python3.10/site-packages/sklearn/linear_model/_ridge.py:213: LinAlgWarning: Ill-conditioned matrix (rcond=1.36623e-08): result may not be accurate.
  return linalg.solve(A, Xy, assume_a="pos", overwrite_a=True).T
/home/ubuntu/.local/lib/python3.10/site-packages/sklearn/linear_model/_ridge.py:213: LinAlgWarning: Ill-conditioned matrix (rcond=2.45298e-08): result may not be accurate.
  return linalg.solve(A, Xy, assume_a="pos", overwrite_a=True).T
    fold 4: alpha=10.0 test_AUC=0.7264 train_AUC=0.8248 acc=0.6700 | 2.5s
    quad:    AUC=0.6695 ± 0.0490

  === L5 ===
    fold 0: test_AUC=0.8614 train_AUC=0.9718 acc=0.7750 | 10.6s
    fold 1: test_AUC=0.8224 train_AUC=0.9789 acc=0.7200 | 10.4s
    fold 2: test_AUC=0.8519 train_AUC=0.9761 acc=0.7750 | 9.4s
    fold 3: test_AUC=0.8265 train_AUC=0.9765 acc=0.7450 | 9.0s
    fold 4: test_AUC=0.9003 train_AUC=0.9701 acc=0.8150 | 9.5s
    linear:  AUC=0.8525 ± 0.0314
    lin-PCs: AUC=0.7817 ± 0.0443
    fold 0: alpha=0.1 test_AUC=0.8350 train_AUC=0.9104 acc=0.7500 | 2.9s
    fold 1: alpha=100.0 test_AUC=0.7954 train_AUC=0.9099 acc=0.7250 | 2.8s
    fold 2: alpha=100.0 test_AUC=0.8171 train_AUC=0.9153 acc=0.7350 | 3.4s
    fold 3: alpha=0.1 test_AUC=0.7590 train_AUC=0.9139 acc=0.7000 | 2.9s
    fold 4: alpha=100.0 test_AUC=0.8602 train_AUC=0.8982 acc=0.7700 | 2.6s
    quad:    AUC=0.8133 ± 0.0386

  === L10 ===
    fold 0: test_AUC=0.9091 train_AUC=0.9971 acc=0.7950 | 13.2s
    fold 1: test_AUC=0.8683 train_AUC=0.9977 acc=0.8000 | 17.2s
    fold 2: test_AUC=0.8749 train_AUC=0.9980 acc=0.7950 | 14.5s
    fold 3: test_AUC=0.8470 train_AUC=0.9977 acc=0.7650 | 13.6s
    fold 4: test_AUC=0.9023 train_AUC=0.9976 acc=0.8300 | 19.5s
    linear:  AUC=0.8803 ± 0.0255
    lin-PCs: AUC=0.7587 ± 0.0496
/home/ubuntu/.local/lib/python3.10/site-packages/sklearn/linear_model/_ridge.py:213: LinAlgWarning: Ill-conditioned matrix (rcond=3.77557e-08): result may not be accurate.
  return linalg.solve(A, Xy, assume_a="pos", overwrite_a=True).T
/home/ubuntu/.local/lib/python3.10/site-packages/sklearn/linear_model/_ridge.py:213: LinAlgWarning: Ill-conditioned matrix (rcond=3.7817e-08): result may not be accurate.
  return linalg.solve(A, Xy, assume_a="pos", overwrite_a=True).T
/home/ubuntu/.local/lib/python3.10/site-packages/sklearn/linear_model/_ridge.py:213: LinAlgWarning: Ill-conditioned matrix (rcond=3.84197e-08): result may not be accurate.
  return linalg.solve(A, Xy, assume_a="pos", overwrite_a=True).T
/home/ubuntu/.local/lib/python3.10/site-packages/sklearn/linear_model/_ridge.py:213: LinAlgWarning: Ill-conditioned matrix (rcond=4.4466e-08): result may not be accurate.
  return linalg.solve(A, Xy, assume_a="pos", overwrite_a=True).T
    fold 0: alpha=0.1 test_AUC=0.8233 train_AUC=0.9204 acc=0.7300 | 2.8s
/home/ubuntu/.local/lib/python3.10/site-packages/sklearn/linear_model/_ridge.py:213: LinAlgWarning: Ill-conditioned matrix (rcond=2.82384e-08): result may not be accurate.
  return linalg.solve(A, Xy, assume_a="pos", overwrite_a=True).T
/home/ubuntu/.local/lib/python3.10/site-packages/sklearn/linear_model/_ridge.py:213: LinAlgWarning: Ill-conditioned matrix (rcond=2.82915e-08): result may not be accurate.
  return linalg.solve(A, Xy, assume_a="pos", overwrite_a=True).T
/home/ubuntu/.local/lib/python3.10/site-packages/sklearn/linear_model/_ridge.py:213: LinAlgWarning: Ill-conditioned matrix (rcond=2.88171e-08): result may not be accurate.
  return linalg.solve(A, Xy, assume_a="pos", overwrite_a=True).T
/home/ubuntu/.local/lib/python3.10/site-packages/sklearn/linear_model/_ridge.py:213: LinAlgWarning: Ill-conditioned matrix (rcond=3.40873e-08): result may not be accurate.
  return linalg.solve(A, Xy, assume_a="pos", overwrite_a=True).T
    fold 1: alpha=100.0 test_AUC=0.8211 train_AUC=0.9206 acc=0.7450 | 2.8s
/home/ubuntu/.local/lib/python3.10/site-packages/sklearn/linear_model/_ridge.py:213: LinAlgWarning: Ill-conditioned matrix (rcond=3.44661e-08): result may not be accurate.
  return linalg.solve(A, Xy, assume_a="pos", overwrite_a=True).T
/home/ubuntu/.local/lib/python3.10/site-packages/sklearn/linear_model/_ridge.py:213: LinAlgWarning: Ill-conditioned matrix (rcond=3.4536e-08): result may not be accurate.
  return linalg.solve(A, Xy, assume_a="pos", overwrite_a=True).T
/home/ubuntu/.local/lib/python3.10/site-packages/sklearn/linear_model/_ridge.py:213: LinAlgWarning: Ill-conditioned matrix (rcond=3.52414e-08): result may not be accurate.
  return linalg.solve(A, Xy, assume_a="pos", overwrite_a=True).T
/home/ubuntu/.local/lib/python3.10/site-packages/sklearn/linear_model/_ridge.py:213: LinAlgWarning: Ill-conditioned matrix (rcond=4.55936e-08): result may not be accurate.
  return linalg.solve(A, Xy, assume_a="pos", overwrite_a=True).T
/home/ubuntu/.local/lib/python3.10/site-packages/sklearn/linear_model/_ridge.py:213: LinAlgWarning: Ill-conditioned matrix (rcond=2.89427e-08): result may not be accurate.
  return linalg.solve(A, Xy, assume_a="pos", overwrite_a=True).T
    fold 2: alpha=100.0 test_AUC=0.8312 train_AUC=0.9199 acc=0.7500 | 2.5s
/home/ubuntu/.local/lib/python3.10/site-packages/sklearn/linear_model/_ridge.py:213: LinAlgWarning: Ill-conditioned matrix (rcond=3.24422e-08): result may not be accurate.
  return linalg.solve(A, Xy, assume_a="pos", overwrite_a=True).T
    fold 3: alpha=0.1 test_AUC=0.7794 train_AUC=0.9332 acc=0.6950 | 3.6s
/home/ubuntu/.local/lib/python3.10/site-packages/sklearn/linear_model/_ridge.py:213: LinAlgWarning: Ill-conditioned matrix (rcond=3.31286e-08): result may not be accurate.
  return linalg.solve(A, Xy, assume_a="pos", overwrite_a=True).T
/home/ubuntu/.local/lib/python3.10/site-packages/sklearn/linear_model/_ridge.py:213: LinAlgWarning: Ill-conditioned matrix (rcond=3.31835e-08): result may not be accurate.
  return linalg.solve(A, Xy, assume_a="pos", overwrite_a=True).T
/home/ubuntu/.local/lib/python3.10/site-packages/sklearn/linear_model/_ridge.py:213: LinAlgWarning: Ill-conditioned matrix (rcond=3.37294e-08): result may not be accurate.
  return linalg.solve(A, Xy, assume_a="pos", overwrite_a=True).T
/home/ubuntu/.local/lib/python3.10/site-packages/sklearn/linear_model/_ridge.py:213: LinAlgWarning: Ill-conditioned matrix (rcond=3.9213e-08): result may not be accurate.
  return linalg.solve(A, Xy, assume_a="pos", overwrite_a=True).T
    fold 4: alpha=0.1 test_AUC=0.8397 train_AUC=0.9178 acc=0.7450 | 8.4s
    quad:    AUC=0.8189 ± 0.0233

  === L15 ===
    fold 0: test_AUC=0.9248 train_AUC=0.9975 acc=0.8350 | 248.9s
    fold 1: test_AUC=0.8713 train_AUC=0.9980 acc=0.7700 | 256.5s
    fold 2: test_AUC=0.9059 train_AUC=0.9980 acc=0.8200 | 275.0s
    fold 3: test_AUC=0.8819 train_AUC=0.9981 acc=0.7900 | 236.1s
    fold 4: test_AUC=0.9267 train_AUC=0.9977 acc=0.8500 | 259.6s
    linear:  AUC=0.9021 ± 0.0250
    lin-PCs: AUC=0.8176 ± 0.0309
    fold 0: alpha=0.1 test_AUC=0.8388 train_AUC=0.9244 acc=0.7750 | 21.4s
/home/ubuntu/.local/lib/python3.10/site-packages/sklearn/linear_model/_ridge.py:213: LinAlgWarning: Ill-conditioned matrix (rcond=5.60036e-08): result may not be accurate.
  return linalg.solve(A, Xy, assume_a="pos", overwrite_a=True).T
/home/ubuntu/.local/lib/python3.10/site-packages/sklearn/linear_model/_ridge.py:213: LinAlgWarning: Ill-conditioned matrix (rcond=5.60673e-08): result may not be accurate.
  return linalg.solve(A, Xy, assume_a="pos", overwrite_a=True).T
/home/ubuntu/.local/lib/python3.10/site-packages/sklearn/linear_model/_ridge.py:213: LinAlgWarning: Ill-conditioned matrix (rcond=5.66902e-08): result may not be accurate.
  return linalg.solve(A, Xy, assume_a="pos", overwrite_a=True).T
    fold 1: alpha=100.0 test_AUC=0.8387 train_AUC=0.9204 acc=0.7350 | 24.1s
/home/ubuntu/.local/lib/python3.10/site-packages/sklearn/linear_model/_ridge.py:213: LinAlgWarning: Ill-conditioned matrix (rcond=3.54381e-08): result may not be accurate.
  return linalg.solve(A, Xy, assume_a="pos", overwrite_a=True).T
/home/ubuntu/.local/lib/python3.10/site-packages/sklearn/linear_model/_ridge.py:213: LinAlgWarning: Ill-conditioned matrix (rcond=3.54903e-08): result may not be accurate.
  return linalg.solve(A, Xy, assume_a="pos", overwrite_a=True).T
/home/ubuntu/.local/lib/python3.10/site-packages/sklearn/linear_model/_ridge.py:213: LinAlgWarning: Ill-conditioned matrix (rcond=3.60004e-08): result may not be accurate.
  return linalg.solve(A, Xy, assume_a="pos", overwrite_a=True).T
/home/ubuntu/.local/lib/python3.10/site-packages/sklearn/linear_model/_ridge.py:213: LinAlgWarning: Ill-conditioned matrix (rcond=4.11339e-08): result may not be accurate.
  return linalg.solve(A, Xy, assume_a="pos", overwrite_a=True).T
/home/ubuntu/.local/lib/python3.10/site-packages/sklearn/linear_model/_ridge.py:213: LinAlgWarning: Ill-conditioned matrix (rcond=4.76819e-08): result may not be accurate.
  return linalg.solve(A, Xy, assume_a="pos", overwrite_a=True).T
    fold 2: alpha=100.0 test_AUC=0.8420 train_AUC=0.9233 acc=0.7600 | 21.2s
    fold 3: alpha=10.0 test_AUC=0.7955 train_AUC=0.9277 acc=0.7450 | 24.4s
    fold 4: alpha=0.1 test_AUC=0.8635 train_AUC=0.9157 acc=0.7700 | 23.4s
    quad:    AUC=0.8357 ± 0.0247

  === L20 ===
    fold 0: test_AUC=0.9223 train_AUC=1.0000 acc=0.8550 | 284.9s
    fold 1: test_AUC=0.9064 train_AUC=1.0000 acc=0.8050 | 356.9s
    fold 2: test_AUC=0.9347 train_AUC=1.0000 acc=0.8600 | 305.7s
    fold 3: test_AUC=0.9193 train_AUC=1.0000 acc=0.8650 | 311.6s
    fold 4: test_AUC=0.9583 train_AUC=0.9999 acc=0.8850 | 285.5s
    linear:  AUC=0.9282 ± 0.0196
    lin-PCs: AUC=0.8234 ± 0.0223
    fold 0: alpha=100.0 test_AUC=0.8403 train_AUC=0.9321 acc=0.7750 | 32.7s
    fold 1: alpha=100.0 test_AUC=0.8516 train_AUC=0.9340 acc=0.7600 | 31.1s
    fold 2: alpha=100.0 test_AUC=0.8499 train_AUC=0.9353 acc=0.7750 | 28.0s
    fold 3: alpha=100.0 test_AUC=0.8323 train_AUC=0.9372 acc=0.7550 | 31.2s
    fold 4: alpha=0.1 test_AUC=0.8795 train_AUC=0.9295 acc=0.7950 | 33.2s
    quad:    AUC=0.8507 ± 0.0179

  === L25 ===
    fold 0: test_AUC=0.9460 train_AUC=1.0000 acc=0.8850 | 202.5s
    fold 1: test_AUC=0.9111 train_AUC=1.0000 acc=0.8150 | 225.7s
    fold 2: test_AUC=0.9465 train_AUC=1.0000 acc=0.8600 | 195.4s
    fold 3: test_AUC=0.9331 train_AUC=1.0000 acc=0.8600 | 236.5s
    fold 4: test_AUC=0.9581 train_AUC=1.0000 acc=0.8950 | 193.7s
    linear:  AUC=0.9390 ± 0.0179
    lin-PCs: AUC=0.8785 ± 0.0207
    fold 0: alpha=100.0 test_AUC=0.9111 train_AUC=0.9435 acc=0.8400 | 29.0s
    fold 1: alpha=100.0 test_AUC=0.8859 train_AUC=0.9529 acc=0.7900 | 25.1s
    fold 2: alpha=100.0 test_AUC=0.8944 train_AUC=0.9482 acc=0.7950 | 25.2s
    fold 3: alpha=0.1 test_AUC=0.8701 train_AUC=0.9508 acc=0.7700 | 26.5s
    fold 4: alpha=0.1 test_AUC=0.9039 train_AUC=0.9480 acc=0.8150 | 25.7s
    quad:    AUC=0.8931 ± 0.0160

  === L30 ===
    fold 0: test_AUC=0.9542 train_AUC=1.0000 acc=0.8900 | 205.6s
    fold 1: test_AUC=0.9246 train_AUC=1.0000 acc=0.8300 | 183.8s
    fold 2: test_AUC=0.9546 train_AUC=1.0000 acc=0.8700 | 189.4s
    fold 3: test_AUC=0.9448 train_AUC=1.0000 acc=0.8800 | 211.2s
    fold 4: test_AUC=0.9567 train_AUC=1.0000 acc=0.8900 | 245.7s
    linear:  AUC=0.9470 ± 0.0133
    lin-PCs: AUC=0.8932 ± 0.0185
    fold 0: alpha=0.1 test_AUC=0.9161 train_AUC=0.9479 acc=0.8600 | 29.6s
    fold 1: alpha=100.0 test_AUC=0.8656 train_AUC=0.9599 acc=0.7950 | 25.5s
    fold 2: alpha=100.0 test_AUC=0.9000 train_AUC=0.9516 acc=0.7900 | 22.8s
    fold 3: alpha=100.0 test_AUC=0.8958 train_AUC=0.9514 acc=0.8100 | 36.4s
    fold 4: alpha=100.0 test_AUC=0.8974 train_AUC=0.9490 acc=0.8000 | 25.4s
    quad:    AUC=0.8950 ± 0.0183

  === L35 ===
    fold 0: test_AUC=0.9617 train_AUC=1.0000 acc=0.9050 | 228.1s
    fold 1: test_AUC=0.9296 train_AUC=1.0000 acc=0.8500 | 165.5s
    fold 2: test_AUC=0.9593 train_AUC=1.0000 acc=0.8750 | 206.3s
    fold 3: test_AUC=0.9505 train_AUC=1.0000 acc=0.9000 | 214.1s
    fold 4: test_AUC=0.9730 train_AUC=1.0000 acc=0.9000 | 188.8s
    linear:  AUC=0.9548 ± 0.0162
    lin-PCs: AUC=0.9008 ± 0.0137
    fold 0: alpha=1.0 test_AUC=0.9126 train_AUC=0.9573 acc=0.8350 | 26.8s
    fold 1: alpha=0.1 test_AUC=0.8746 train_AUC=0.9675 acc=0.7950 | 26.3s
    fold 2: alpha=0.1 test_AUC=0.9108 train_AUC=0.9578 acc=0.8100 | 28.7s
    fold 3: alpha=100.0 test_AUC=0.8912 train_AUC=0.9598 acc=0.8300 | 27.7s
    fold 4: alpha=0.1 test_AUC=0.9156 train_AUC=0.9580 acc=0.8250 | 27.9s
    quad:    AUC=0.9010 ± 0.0176

  === L40 ===
    fold 0: test_AUC=0.9525 train_AUC=1.0000 acc=0.8950 | 144.6s
    fold 1: test_AUC=0.9263 train_AUC=1.0000 acc=0.8250 | 135.7s
    fold 2: test_AUC=0.9591 train_AUC=1.0000 acc=0.8800 | 78.6s
    fold 3: test_AUC=0.9453 train_AUC=1.0000 acc=0.8900 | 131.3s
    fold 4: test_AUC=0.9716 train_AUC=1.0000 acc=0.9250 | 126.7s
    linear:  AUC=0.9510 ± 0.0168
    lin-PCs: AUC=0.9010 ± 0.0207
    fold 0: alpha=100.0 test_AUC=0.9284 train_AUC=0.9515 acc=0.8350 | 26.3s
    fold 1: alpha=0.1 test_AUC=0.8855 train_AUC=0.9611 acc=0.8100 | 35.2s
    fold 2: alpha=100.0 test_AUC=0.9076 train_AUC=0.9538 acc=0.8150 | 30.6s
    fold 3: alpha=100.0 test_AUC=0.8916 train_AUC=0.9563 acc=0.8150 | 28.7s
    fold 4: alpha=0.1 test_AUC=0.9255 train_AUC=0.9508 acc=0.8300 | 28.4s
    quad:    AUC=0.9077 ± 0.0193

  === L45 ===
    fold 0: test_AUC=0.9509 train_AUC=1.0000 acc=0.8950 | 151.0s
    fold 1: test_AUC=0.9051 train_AUC=1.0000 acc=0.8050 | 141.7s
    fold 2: test_AUC=0.9443 train_AUC=1.0000 acc=0.8950 | 143.1s
    fold 3: test_AUC=0.9206 train_AUC=1.0000 acc=0.8400 | 126.5s
    fold 4: test_AUC=0.9638 train_AUC=1.0000 acc=0.8900 | 147.1s
    linear:  AUC=0.9369 ± 0.0237
    lin-PCs: AUC=0.8540 ± 0.0192
    fold 0: alpha=100.0 test_AUC=0.8838 train_AUC=0.9478 acc=0.8150 | 30.3s
    fold 1: alpha=100.0 test_AUC=0.8760 train_AUC=0.9540 acc=0.7850 | 26.1s
    fold 2: alpha=100.0 test_AUC=0.8821 train_AUC=0.9478 acc=0.8200 | 30.6s
    fold 3: alpha=100.0 test_AUC=0.8551 train_AUC=0.9498 acc=0.7550 | 28.4s
    fold 4: alpha=0.1 test_AUC=0.9220 train_AUC=0.9416 acc=0.8550 | 30.6s
    quad:    AUC=0.8838 ± 0.0242

  === L50 ===
    fold 0: test_AUC=0.9511 train_AUC=1.0000 acc=0.8900 | 138.5s
    fold 1: test_AUC=0.9056 train_AUC=1.0000 acc=0.8050 | 147.5s
    fold 2: test_AUC=0.9484 train_AUC=1.0000 acc=0.8900 | 125.3s
    fold 3: test_AUC=0.9239 train_AUC=1.0000 acc=0.8400 | 120.6s
    fold 4: test_AUC=0.9597 train_AUC=1.0000 acc=0.8850 | 110.1s
    linear:  AUC=0.9377 ± 0.0224
    lin-PCs: AUC=0.8503 ± 0.0159
    fold 0: alpha=100.0 test_AUC=0.8814 train_AUC=0.9481 acc=0.8050 | 23.6s
    fold 1: alpha=0.1 test_AUC=0.8690 train_AUC=0.9537 acc=0.7600 | 27.5s
    fold 2: alpha=100.0 test_AUC=0.8810 train_AUC=0.9476 acc=0.8150 | 20.6s
    fold 3: alpha=0.1 test_AUC=0.8479 train_AUC=0.9548 acc=0.7650 | 30.8s
    fold 4: alpha=100.0 test_AUC=0.9207 train_AUC=0.9438 acc=0.8500 | 25.7s
    quad:    AUC=0.8800 ± 0.0265

  === L55 ===
    fold 0: test_AUC=0.9582 train_AUC=1.0000 acc=0.8950 | 50.4s
    fold 1: test_AUC=0.9107 train_AUC=1.0000 acc=0.8000 | 21.4s
    fold 2: test_AUC=0.9544 train_AUC=1.0000 acc=0.8750 | 40.0s
    fold 3: test_AUC=0.9350 train_AUC=1.0000 acc=0.8500 | 38.2s
    fold 4: test_AUC=0.9544 train_AUC=1.0000 acc=0.8700 | 59.0s
    linear:  AUC=0.9425 ± 0.0200
    lin-PCs: AUC=0.8505 ± 0.0041
    fold 0: alpha=0.1 test_AUC=0.8674 train_AUC=0.9474 acc=0.7900 | 20.2s
    fold 1: alpha=100.0 test_AUC=0.8472 train_AUC=0.9482 acc=0.7600 | 26.3s
    fold 2: alpha=10.0 test_AUC=0.8833 train_AUC=0.9428 acc=0.8200 | 27.1s
    fold 3: alpha=0.1 test_AUC=0.8699 train_AUC=0.9454 acc=0.7850 | 30.4s
    fold 4: alpha=0.1 test_AUC=0.8965 train_AUC=0.9395 acc=0.8100 | 24.0s
    quad:    AUC=0.8729 ± 0.0185

  === L60 ===
    fold 0: test_AUC=0.9001 train_AUC=0.9346 acc=0.8150 | 25.4s
    fold 1: test_AUC=0.8487 train_AUC=0.9405 acc=0.8000 | 36.7s
    fold 2: test_AUC=0.9107 train_AUC=0.9294 acc=0.8250 | 18.3s
    fold 3: test_AUC=0.8719 train_AUC=0.9348 acc=0.7700 | 25.6s
    fold 4: test_AUC=0.9241 train_AUC=0.9318 acc=0.8150 | 30.5s
    linear:  AUC=0.8911 ± 0.0305
    lin-PCs: AUC=0.8400 ± 0.0453
/home/ubuntu/.local/lib/python3.10/site-packages/sklearn/linear_model/_ridge.py:213: LinAlgWarning: Ill-conditioned matrix (rcond=1.15034e-11): result may not be accurate.
  return linalg.solve(A, Xy, assume_a="pos", overwrite_a=True).T
/home/ubuntu/.local/lib/python3.10/site-packages/sklearn/linear_model/_ridge.py:213: LinAlgWarning: Ill-conditioned matrix (rcond=4.11546e-10): result may not be accurate.
  return linalg.solve(A, Xy, assume_a="pos", overwrite_a=True).T
    fold 0: alpha=0.1 test_AUC=0.6717 train_AUC=0.8791 acc=0.7050 | 30.3s
/home/ubuntu/.local/lib/python3.10/site-packages/sklearn/linear_model/_ridge.py:213: LinAlgWarning: Ill-conditioned matrix (rcond=5.23796e-11): result may not be accurate.
  return linalg.solve(A, Xy, assume_a="pos", overwrite_a=True).T
/home/ubuntu/.local/lib/python3.10/site-packages/sklearn/linear_model/_ridge.py:213: LinAlgWarning: Ill-conditioned matrix (rcond=5.97837e-10): result may not be accurate.
  return linalg.solve(A, Xy, assume_a="pos", overwrite_a=True).T
    fold 1: alpha=0.1 test_AUC=0.6150 train_AUC=0.8503 acc=0.6600 | 38.1s
/home/ubuntu/.local/lib/python3.10/site-packages/sklearn/linear_model/_ridge.py:213: LinAlgWarning: Ill-conditioned matrix (rcond=5.57068e-12): result may not be accurate.
  return linalg.solve(A, Xy, assume_a="pos", overwrite_a=True).T
/home/ubuntu/.local/lib/python3.10/site-packages/sklearn/linear_model/_ridge.py:213: LinAlgWarning: Ill-conditioned matrix (rcond=4.39225e-10): result may not be accurate.
  return linalg.solve(A, Xy, assume_a="pos", overwrite_a=True).T
    fold 2: alpha=0.1 test_AUC=0.7367 train_AUC=0.8717 acc=0.7200 | 35.6s
/home/ubuntu/.local/lib/python3.10/site-packages/sklearn/linear_model/_ridge.py:213: LinAlgWarning: Ill-conditioned matrix (rcond=4.76224e-13): result may not be accurate.
  return linalg.solve(A, Xy, assume_a="pos", overwrite_a=True).T
/home/ubuntu/.local/lib/python3.10/site-packages/sklearn/linear_model/_ridge.py:213: LinAlgWarning: Ill-conditioned matrix (rcond=4.84354e-10): result may not be accurate.
  return linalg.solve(A, Xy, assume_a="pos", overwrite_a=True).T
    fold 3: alpha=1.0 test_AUC=0.7049 train_AUC=0.8761 acc=0.6950 | 38.4s
/home/ubuntu/.local/lib/python3.10/site-packages/sklearn/linear_model/_ridge.py:213: LinAlgWarning: Ill-conditioned matrix (rcond=4.1804e-10): result may not be accurate.
  return linalg.solve(A, Xy, assume_a="pos", overwrite_a=True).T
    fold 4: alpha=1.0 test_AUC=0.7433 train_AUC=0.8667 acc=0.7400 | 26.9s
    quad:    AUC=0.6943 ± 0.0527

finished. wall=10645.1s. wrote /lambda/nfs/georgia/mechhack/experiments/17_quadratic_probe_omar/results/cyber_3_d16_sweep.json
