  X_all shape: (832, 13, 5376)  layer_idxs=[0, 5, 10, 15, 20, 25, 30, 35, 40, 45, 50, 55, 60]
  n_pos=419 n_neg=413
  output -> /lambda/nfs/georgia/mechhack/experiments/17_quadratic_probe_omar/results/refusal_gemma_d32_sweep.json

  === L0 ===
    fold 0: test_AUC=0.8359 train_AUC=0.9972 acc=0.7665 | 34.4s
    fold 1: test_AUC=0.8851 train_AUC=0.9967 acc=0.8204 | 17.9s
    fold 2: test_AUC=0.8305 train_AUC=0.9972 acc=0.7651 | 11.7s
    fold 3: test_AUC=0.8737 train_AUC=0.9973 acc=0.8072 | 11.1s
    fold 4: test_AUC=0.8329 train_AUC=0.9949 acc=0.7711 | 13.6s
    linear:  AUC=0.8516 ± 0.0258
    lin-PCs: AUC=0.7850 ± 0.0316
/home/ubuntu/.local/lib/python3.10/site-packages/sklearn/linear_model/_ridge.py:250: LinAlgWarning: Ill-conditioned matrix (rcond=1.92614e-10): result may not be accurate.
  dual_coef = linalg.solve(K, y, assume_a="pos", overwrite_a=False)
/home/ubuntu/.local/lib/python3.10/site-packages/sklearn/linear_model/_ridge.py:250: LinAlgWarning: Ill-conditioned matrix (rcond=3.64452e-09): result may not be accurate.
  dual_coef = linalg.solve(K, y, assume_a="pos", overwrite_a=False)
/home/ubuntu/.local/lib/python3.10/site-packages/sklearn/linear_model/_ridge.py:213: LinAlgWarning: Ill-conditioned matrix (rcond=2.95689e-10): result may not be accurate.
  return linalg.solve(A, Xy, assume_a="pos", overwrite_a=True).T
    fold 0: alpha=1.0 test_AUC=0.6030 train_AUC=0.9999 acc=0.6168 | 34.5s
/home/ubuntu/.local/lib/python3.10/site-packages/sklearn/linear_model/_ridge.py:250: LinAlgWarning: Ill-conditioned matrix (rcond=2.82394e-09): result may not be accurate.
  dual_coef = linalg.solve(K, y, assume_a="pos", overwrite_a=False)
/home/ubuntu/.local/lib/python3.10/site-packages/sklearn/linear_model/_ridge.py:213: LinAlgWarning: Ill-conditioned matrix (rcond=6.58105e-10): result may not be accurate.
  return linalg.solve(A, Xy, assume_a="pos", overwrite_a=True).T
    fold 1: alpha=10.0 test_AUC=0.6090 train_AUC=0.9999 acc=0.6108 | 33.0s
/home/ubuntu/.local/lib/python3.10/site-packages/sklearn/linear_model/_ridge.py:250: LinAlgWarning: Ill-conditioned matrix (rcond=1.96156e-10): result may not be accurate.
  dual_coef = linalg.solve(K, y, assume_a="pos", overwrite_a=False)
/home/ubuntu/.local/lib/python3.10/site-packages/sklearn/linear_model/_ridge.py:250: LinAlgWarning: Ill-conditioned matrix (rcond=4.41112e-09): result may not be accurate.
  dual_coef = linalg.solve(K, y, assume_a="pos", overwrite_a=False)
/home/ubuntu/.local/lib/python3.10/site-packages/sklearn/linear_model/_ridge.py:213: LinAlgWarning: Ill-conditioned matrix (rcond=2.49431e-10): result may not be accurate.
  return linalg.solve(A, Xy, assume_a="pos", overwrite_a=True).T
    fold 2: alpha=0.1 test_AUC=0.5962 train_AUC=0.9999 acc=0.6024 | 32.3s
/home/ubuntu/.local/lib/python3.10/site-packages/sklearn/linear_model/_ridge.py:250: LinAlgWarning: Ill-conditioned matrix (rcond=2.46101e-10): result may not be accurate.
  dual_coef = linalg.solve(K, y, assume_a="pos", overwrite_a=False)
/home/ubuntu/.local/lib/python3.10/site-packages/sklearn/linear_model/_ridge.py:250: LinAlgWarning: Ill-conditioned matrix (rcond=3.60933e-09): result may not be accurate.
  dual_coef = linalg.solve(K, y, assume_a="pos", overwrite_a=False)
/home/ubuntu/.local/lib/python3.10/site-packages/sklearn/linear_model/_ridge.py:213: LinAlgWarning: Ill-conditioned matrix (rcond=3.25956e-09): result may not be accurate.
  return linalg.solve(A, Xy, assume_a="pos", overwrite_a=True).T
    fold 3: alpha=100.0 test_AUC=0.5829 train_AUC=0.9998 acc=0.6024 | 36.2s
/home/ubuntu/.local/lib/python3.10/site-packages/sklearn/linear_model/_ridge.py:250: LinAlgWarning: Ill-conditioned matrix (rcond=1.70471e-10): result may not be accurate.
  dual_coef = linalg.solve(K, y, assume_a="pos", overwrite_a=False)
/home/ubuntu/.local/lib/python3.10/site-packages/sklearn/linear_model/_ridge.py:250: LinAlgWarning: Ill-conditioned matrix (rcond=3.32795e-09): result may not be accurate.
  dual_coef = linalg.solve(K, y, assume_a="pos", overwrite_a=False)
/home/ubuntu/.local/lib/python3.10/site-packages/sklearn/linear_model/_ridge.py:213: LinAlgWarning: Ill-conditioned matrix (rcond=2.36788e-09): result may not be accurate.
  return linalg.solve(A, Xy, assume_a="pos", overwrite_a=True).T
    fold 4: alpha=100.0 test_AUC=0.5724 train_AUC=0.9998 acc=0.5602 | 45.4s
    quad:    AUC=0.5927 ± 0.0149
Traceback (most recent call last):
  File "/lambda/nfs/georgia/mechhack/experiments/17_quadratic_probe_omar/sweep_layers.py", line 194, in <module>
    main()
  File "/lambda/nfs/georgia/mechhack/experiments/17_quadratic_probe_omar/sweep_layers.py", line 185, in main
    out_path.write_text(json.dumps(out, indent=2))
  File "/usr/lib/python3.10/json/__init__.py", line 238, in dumps
    **kw).encode(obj)
  File "/usr/lib/python3.10/json/encoder.py", line 201, in encode
    chunks = list(chunks)
  File "/usr/lib/python3.10/json/encoder.py", line 431, in _iterencode
    yield from _iterencode_dict(o, _current_indent_level)
  File "/usr/lib/python3.10/json/encoder.py", line 405, in _iterencode_dict
    yield from chunks
  File "/usr/lib/python3.10/json/encoder.py", line 325, in _iterencode_list
    yield from chunks
  File "/usr/lib/python3.10/json/encoder.py", line 438, in _iterencode
    o = _default(o)
  File "/usr/lib/python3.10/json/encoder.py", line 179, in default
    raise TypeError(f'Object of type {o.__class__.__name__} '
TypeError: Object of type int64 is not JSON serializable
