loading 832 refusal 13-layer extracts...
  loaded 200/832 in 151.7s
  loaded 400/832 in 301.0s
  loaded 600/832 in 457.1s
  loaded 800/832 in 678.2s
  X_all shape: (832, 13, 5376)  layer_idxs=[0, 5, 10, 15, 20, 25, 30, 35, 40, 45, 50, 55, 60]
  n_pos=419 n_neg=413
  output -> /lambda/nfs/georgia/mechhack/experiments/17_quadratic_probe_omar/results/refusal_gemma_d16_sweep.json

  === L0 ===
    fold 0: test_AUC=0.8359 train_AUC=0.9972 acc=0.7665 | 21.8s
    fold 1: test_AUC=0.8851 train_AUC=0.9967 acc=0.8204 | 41.0s
    fold 2: test_AUC=0.8305 train_AUC=0.9972 acc=0.7651 | 27.6s
    fold 3: test_AUC=0.8737 train_AUC=0.9973 acc=0.8072 | 22.4s
    fold 4: test_AUC=0.8329 train_AUC=0.9949 acc=0.7711 | 27.1s
    linear:  AUC=0.8516 ± 0.0258
    lin-PCs: AUC=0.7638 ± 0.0369
/home/ubuntu/.local/lib/python3.10/site-packages/sklearn/linear_model/_ridge.py:213: LinAlgWarning: Ill-conditioned matrix (rcond=5.52517e-08): result may not be accurate.
  return linalg.solve(A, Xy, assume_a="pos", overwrite_a=True).T
/home/ubuntu/.local/lib/python3.10/site-packages/sklearn/linear_model/_ridge.py:213: LinAlgWarning: Ill-conditioned matrix (rcond=5.53163e-08): result may not be accurate.
  return linalg.solve(A, Xy, assume_a="pos", overwrite_a=True).T
/home/ubuntu/.local/lib/python3.10/site-packages/sklearn/linear_model/_ridge.py:213: LinAlgWarning: Ill-conditioned matrix (rcond=5.59657e-08): result may not be accurate.
  return linalg.solve(A, Xy, assume_a="pos", overwrite_a=True).T
/home/ubuntu/.local/lib/python3.10/site-packages/sklearn/linear_model/_ridge.py:213: LinAlgWarning: Ill-conditioned matrix (rcond=5.47125e-08): result may not be accurate.
  return linalg.solve(A, Xy, assume_a="pos", overwrite_a=True).T
    fold 0: alpha=100.0 test_AUC=0.7804 train_AUC=0.9070 acc=0.7246 | 21.1s
/home/ubuntu/.local/lib/python3.10/site-packages/sklearn/linear_model/_ridge.py:213: LinAlgWarning: Ill-conditioned matrix (rcond=3.75157e-08): result may not be accurate.
  return linalg.solve(A, Xy, assume_a="pos", overwrite_a=True).T
/home/ubuntu/.local/lib/python3.10/site-packages/sklearn/linear_model/_ridge.py:213: LinAlgWarning: Ill-conditioned matrix (rcond=3.75765e-08): result may not be accurate.
  return linalg.solve(A, Xy, assume_a="pos", overwrite_a=True).T
/home/ubuntu/.local/lib/python3.10/site-packages/sklearn/linear_model/_ridge.py:213: LinAlgWarning: Ill-conditioned matrix (rcond=3.81854e-08): result may not be accurate.
  return linalg.solve(A, Xy, assume_a="pos", overwrite_a=True).T
/home/ubuntu/.local/lib/python3.10/site-packages/sklearn/linear_model/_ridge.py:213: LinAlgWarning: Ill-conditioned matrix (rcond=4.42869e-08): result may not be accurate.
  return linalg.solve(A, Xy, assume_a="pos", overwrite_a=True).T
/home/ubuntu/.local/lib/python3.10/site-packages/sklearn/linear_model/_ridge.py:213: LinAlgWarning: Ill-conditioned matrix (rcond=4.73663e-08): result may not be accurate.
  return linalg.solve(A, Xy, assume_a="pos", overwrite_a=True).T
    fold 1: alpha=10.0 test_AUC=0.7988 train_AUC=0.8983 acc=0.7305 | 16.6s
/home/ubuntu/.local/lib/python3.10/site-packages/sklearn/linear_model/_ridge.py:213: LinAlgWarning: Ill-conditioned matrix (rcond=5.92924e-08): result may not be accurate.
  return linalg.solve(A, Xy, assume_a="pos", overwrite_a=True).T
    fold 2: alpha=100.0 test_AUC=0.7268 train_AUC=0.9124 acc=0.7048 | 24.1s
    fold 3: alpha=100.0 test_AUC=0.7107 train_AUC=0.9190 acc=0.6747 | 21.1s
/home/ubuntu/.local/lib/python3.10/site-packages/sklearn/linear_model/_ridge.py:213: LinAlgWarning: Ill-conditioned matrix (rcond=4.97733e-08): result may not be accurate.
  return linalg.solve(A, Xy, assume_a="pos", overwrite_a=True).T
/home/ubuntu/.local/lib/python3.10/site-packages/sklearn/linear_model/_ridge.py:213: LinAlgWarning: Ill-conditioned matrix (rcond=4.98467e-08): result may not be accurate.
  return linalg.solve(A, Xy, assume_a="pos", overwrite_a=True).T
/home/ubuntu/.local/lib/python3.10/site-packages/sklearn/linear_model/_ridge.py:213: LinAlgWarning: Ill-conditioned matrix (rcond=5.05832e-08): result may not be accurate.
  return linalg.solve(A, Xy, assume_a="pos", overwrite_a=True).T
/home/ubuntu/.local/lib/python3.10/site-packages/sklearn/linear_model/_ridge.py:213: LinAlgWarning: Ill-conditioned matrix (rcond=5.79676e-08): result may not be accurate.
  return linalg.solve(A, Xy, assume_a="pos", overwrite_a=True).T
/home/ubuntu/.local/lib/python3.10/site-packages/sklearn/linear_model/_ridge.py:213: LinAlgWarning: Ill-conditioned matrix (rcond=5.16141e-08): result may not be accurate.
  return linalg.solve(A, Xy, assume_a="pos", overwrite_a=True).T
    fold 4: alpha=0.1 test_AUC=0.7044 train_AUC=0.9159 acc=0.6205 | 26.6s
    quad:    AUC=0.7442 ± 0.0427

  === L5 ===
    fold 0: test_AUC=0.8396 train_AUC=0.9656 acc=0.7725 | 111.2s
    fold 1: test_AUC=0.8665 train_AUC=0.9615 acc=0.8024 | 135.9s
    fold 2: test_AUC=0.8203 train_AUC=0.9670 acc=0.7470 | 117.2s
    fold 3: test_AUC=0.8435 train_AUC=0.9658 acc=0.7651 | 137.4s
    fold 4: test_AUC=0.7912 train_AUC=0.9675 acc=0.7410 | 98.8s
    linear:  AUC=0.8322 ± 0.0282
    lin-PCs: AUC=0.8272 ± 0.0364
    fold 0: alpha=0.1 test_AUC=0.8239 train_AUC=0.9379 acc=0.7844 | 20.9s
    fold 1: alpha=100.0 test_AUC=0.8236 train_AUC=0.9378 acc=0.7485 | 24.5s
    fold 2: alpha=0.1 test_AUC=0.8180 train_AUC=0.9437 acc=0.7349 | 24.7s
    fold 3: alpha=0.1 test_AUC=0.8100 train_AUC=0.9461 acc=0.7470 | 22.1s
    fold 4: alpha=100.0 test_AUC=0.7753 train_AUC=0.9420 acc=0.7289 | 20.0s
    quad:    AUC=0.8101 ± 0.0203

  === L10 ===
    fold 0: test_AUC=0.8619 train_AUC=0.9951 acc=0.7844 | 228.9s
    fold 1: test_AUC=0.9006 train_AUC=0.9947 acc=0.8503 | 215.7s
    fold 2: test_AUC=0.8471 train_AUC=0.9951 acc=0.7711 | 234.9s
    fold 3: test_AUC=0.8886 train_AUC=0.9938 acc=0.8313 | 228.6s
    fold 4: test_AUC=0.8529 train_AUC=0.9938 acc=0.7711 | 228.1s
    linear:  AUC=0.8702 ± 0.0233
    lin-PCs: AUC=0.8435 ± 0.0359
    fold 0: alpha=100.0 test_AUC=0.8640 train_AUC=0.9330 acc=0.7784 | 28.2s
    fold 1: alpha=100.0 test_AUC=0.8333 train_AUC=0.9417 acc=0.7545 | 24.1s
    fold 2: alpha=10.0 test_AUC=0.8184 train_AUC=0.9438 acc=0.7771 | 24.6s
    fold 3: alpha=1.0 test_AUC=0.8378 train_AUC=0.9446 acc=0.7711 | 33.9s
    fold 4: alpha=0.1 test_AUC=0.8190 train_AUC=0.9403 acc=0.7530 | 28.6s
    quad:    AUC=0.8345 ± 0.0186

  === L15 ===
    fold 0: test_AUC=0.8742 train_AUC=0.9935 acc=0.8144 | 254.5s
    fold 1: test_AUC=0.9009 train_AUC=0.9929 acc=0.8323 | 295.2s
    fold 2: test_AUC=0.8676 train_AUC=0.9935 acc=0.7590 | 239.8s
    fold 3: test_AUC=0.8966 train_AUC=0.9928 acc=0.8313 | 308.8s
    fold 4: test_AUC=0.8622 train_AUC=0.9929 acc=0.7771 | 283.9s
    linear:  AUC=0.8803 ± 0.0174
    lin-PCs: AUC=0.8481 ± 0.0382
    fold 0: alpha=0.1 test_AUC=0.8411 train_AUC=0.9486 acc=0.7425 | 28.3s
    fold 1: alpha=100.0 test_AUC=0.8467 train_AUC=0.9485 acc=0.7844 | 27.1s
    fold 2: alpha=100.0 test_AUC=0.8408 train_AUC=0.9484 acc=0.7711 | 27.8s
    fold 3: alpha=100.0 test_AUC=0.8341 train_AUC=0.9493 acc=0.7410 | 25.4s
    fold 4: alpha=100.0 test_AUC=0.8314 train_AUC=0.9477 acc=0.8012 | 32.4s
    quad:    AUC=0.8388 ± 0.0061

  === L20 ===
    fold 0: test_AUC=0.8789 train_AUC=0.9991 acc=0.8084 | 278.4s
    fold 1: test_AUC=0.9111 train_AUC=0.9986 acc=0.8204 | 268.5s
    fold 2: test_AUC=0.8673 train_AUC=0.9986 acc=0.8072 | 304.6s
    fold 3: test_AUC=0.9338 train_AUC=0.9989 acc=0.8434 | 314.9s
    fold 4: test_AUC=0.8756 train_AUC=0.9981 acc=0.7892 | 300.8s
    linear:  AUC=0.8933 ± 0.0281
    lin-PCs: AUC=0.8514 ± 0.0325
    fold 0: alpha=100.0 test_AUC=0.8353 train_AUC=0.9461 acc=0.7545 | 27.1s
    fold 1: alpha=0.1 test_AUC=0.8789 train_AUC=0.9430 acc=0.8084 | 32.4s
    fold 2: alpha=0.1 test_AUC=0.8422 train_AUC=0.9502 acc=0.7470 | 29.5s
    fold 3: alpha=100.0 test_AUC=0.8567 train_AUC=0.9543 acc=0.7651 | 19.3s
    fold 4: alpha=100.0 test_AUC=0.8480 train_AUC=0.9557 acc=0.7530 | 35.5s
    quad:    AUC=0.8522 ± 0.0169

  === L25 ===
    fold 0: test_AUC=0.9125 train_AUC=1.0000 acc=0.8144 | 188.0s
    fold 1: test_AUC=0.9175 train_AUC=0.9999 acc=0.8263 | 234.4s
    fold 2: test_AUC=0.8953 train_AUC=0.9997 acc=0.8313 | 249.9s
    fold 3: test_AUC=0.9476 train_AUC=0.9999 acc=0.8735 | 196.6s
    fold 4: test_AUC=0.8856 train_AUC=0.9998 acc=0.8072 | 283.5s
    linear:  AUC=0.9117 ± 0.0238
    lin-PCs: AUC=0.8565 ± 0.0273
    fold 0: alpha=0.1 test_AUC=0.8526 train_AUC=0.9487 acc=0.7605 | 26.8s
    fold 1: alpha=10.0 test_AUC=0.8481 train_AUC=0.9461 acc=0.7904 | 27.2s
    fold 2: alpha=0.1 test_AUC=0.8464 train_AUC=0.9553 acc=0.7590 | 27.3s
    fold 3: alpha=10.0 test_AUC=0.8418 train_AUC=0.9460 acc=0.7651 | 29.9s
    fold 4: alpha=1.0 test_AUC=0.8062 train_AUC=0.9587 acc=0.7108 | 30.6s
    quad:    AUC=0.8390 ± 0.0187

  === L30 ===
    fold 0: test_AUC=0.9276 train_AUC=0.9997 acc=0.8503 | 275.1s
    fold 1: test_AUC=0.9379 train_AUC=0.9997 acc=0.8503 | 239.2s
    fold 2: test_AUC=0.9226 train_AUC=0.9994 acc=0.8554 | 239.1s
    fold 3: test_AUC=0.9514 train_AUC=0.9995 acc=0.8855 | 264.9s
    fold 4: test_AUC=0.9186 train_AUC=0.9995 acc=0.8373 | 241.1s
    linear:  AUC=0.9316 ± 0.0132
    lin-PCs: AUC=0.8753 ± 0.0224
    fold 0: alpha=0.1 test_AUC=0.8574 train_AUC=0.9481 acc=0.7784 | 21.1s
    fold 1: alpha=100.0 test_AUC=0.8673 train_AUC=0.9486 acc=0.7964 | 29.1s
    fold 2: alpha=0.1 test_AUC=0.8583 train_AUC=0.9533 acc=0.7952 | 25.3s
    fold 3: alpha=100.0 test_AUC=0.8509 train_AUC=0.9528 acc=0.7651 | 32.7s
    fold 4: alpha=0.1 test_AUC=0.8165 train_AUC=0.9561 acc=0.7711 | 42.7s
    quad:    AUC=0.8501 ± 0.0197

  === L35 ===
    fold 0: test_AUC=0.9389 train_AUC=1.0000 acc=0.8563 | 198.6s
    fold 1: test_AUC=0.9376 train_AUC=1.0000 acc=0.8383 | 226.1s
    fold 2: test_AUC=0.9289 train_AUC=0.9999 acc=0.8494 | 246.5s
    fold 3: test_AUC=0.9601 train_AUC=0.9999 acc=0.8614 | 240.4s
    fold 4: test_AUC=0.9277 train_AUC=0.9999 acc=0.8494 | 200.2s
    linear:  AUC=0.9386 ± 0.0130
    lin-PCs: AUC=0.8832 ± 0.0186
    fold 0: alpha=100.0 test_AUC=0.8906 train_AUC=0.9501 acc=0.8204 | 27.2s
    fold 1: alpha=100.0 test_AUC=0.8685 train_AUC=0.9481 acc=0.7904 | 24.1s
    fold 2: alpha=0.1 test_AUC=0.8442 train_AUC=0.9548 acc=0.7651 | 26.4s
    fold 3: alpha=0.1 test_AUC=0.8780 train_AUC=0.9502 acc=0.7651 | 23.9s
    fold 4: alpha=100.0 test_AUC=0.8118 train_AUC=0.9596 acc=0.7590 | 21.1s
    quad:    AUC=0.8586 ± 0.0312

  === L40 ===
    fold 0: test_AUC=0.9445 train_AUC=1.0000 acc=0.8623 | 131.5s
    fold 1: test_AUC=0.9455 train_AUC=1.0000 acc=0.8563 | 138.6s
    fold 2: test_AUC=0.9309 train_AUC=0.9999 acc=0.8614 | 134.2s
    fold 3: test_AUC=0.9747 train_AUC=1.0000 acc=0.9096 | 203.2s
    fold 4: test_AUC=0.9268 train_AUC=0.9999 acc=0.8494 | 135.8s
    linear:  AUC=0.9445 ± 0.0188
    lin-PCs: AUC=0.8750 ± 0.0279
    fold 0: alpha=0.1 test_AUC=0.8614 train_AUC=0.9529 acc=0.7784 | 24.6s
    fold 1: alpha=100.0 test_AUC=0.8633 train_AUC=0.9522 acc=0.8263 | 20.6s
    fold 2: alpha=0.1 test_AUC=0.8573 train_AUC=0.9543 acc=0.7952 | 16.3s
    fold 3: alpha=100.0 test_AUC=0.8403 train_AUC=0.9522 acc=0.7651 | 19.4s
    fold 4: alpha=0.1 test_AUC=0.8277 train_AUC=0.9580 acc=0.7169 | 26.2s
    quad:    AUC=0.8500 ± 0.0154

  === L45 ===
    fold 0: test_AUC=0.9319 train_AUC=1.0000 acc=0.8323 | 90.8s
    fold 1: test_AUC=0.9187 train_AUC=1.0000 acc=0.8323 | 78.2s
    fold 2: test_AUC=0.9170 train_AUC=0.9999 acc=0.8373 | 50.5s
    fold 3: test_AUC=0.9495 train_AUC=0.9999 acc=0.8675 | 82.7s
    fold 4: test_AUC=0.8984 train_AUC=0.9999 acc=0.8133 | 61.6s
    linear:  AUC=0.9231 ± 0.0190
    lin-PCs: AUC=0.8461 ± 0.0242
    fold 0: alpha=100.0 test_AUC=0.8665 train_AUC=0.9564 acc=0.8024 | 20.4s
    fold 1: alpha=100.0 test_AUC=0.9048 train_AUC=0.9515 acc=0.8383 | 21.6s
    fold 2: alpha=0.1 test_AUC=0.8550 train_AUC=0.9587 acc=0.8012 | 18.7s
    fold 3: alpha=100.0 test_AUC=0.8795 train_AUC=0.9489 acc=0.8012 | 15.5s
    fold 4: alpha=100.0 test_AUC=0.8448 train_AUC=0.9568 acc=0.7530 | 14.7s
    quad:    AUC=0.8701 ± 0.0233

  === L50 ===
    fold 0: test_AUC=0.9286 train_AUC=0.9999 acc=0.8443 | 81.3s
    fold 1: test_AUC=0.9220 train_AUC=0.9999 acc=0.8383 | 85.7s
    fold 2: test_AUC=0.9160 train_AUC=0.9997 acc=0.8313 | 59.0s
    fold 3: test_AUC=0.9501 train_AUC=0.9999 acc=0.8554 | 81.3s
    fold 4: test_AUC=0.9071 train_AUC=0.9997 acc=0.8072 | 72.7s
    linear:  AUC=0.9247 ± 0.0162
    lin-PCs: AUC=0.8481 ± 0.0253
    fold 0: alpha=100.0 test_AUC=0.8659 train_AUC=0.9512 acc=0.7784 | 16.2s
    fold 1: alpha=100.0 test_AUC=0.8983 train_AUC=0.9472 acc=0.8383 | 22.5s
    fold 2: alpha=10.0 test_AUC=0.8595 train_AUC=0.9538 acc=0.7831 | 13.6s
    fold 3: alpha=100.0 test_AUC=0.8782 train_AUC=0.9492 acc=0.7831 | 15.3s
    fold 4: alpha=0.1 test_AUC=0.8222 train_AUC=0.9563 acc=0.7470 | 16.0s
    quad:    AUC=0.8648 ± 0.0281

  === L55 ===
    fold 0: test_AUC=0.9231 train_AUC=1.0000 acc=0.8623 | 28.0s
    fold 1: test_AUC=0.9244 train_AUC=1.0000 acc=0.8563 | 13.8s
    fold 2: test_AUC=0.9113 train_AUC=0.9997 acc=0.8373 | 18.7s
    fold 3: test_AUC=0.9498 train_AUC=0.9999 acc=0.8494 | 17.1s
    fold 4: test_AUC=0.9110 train_AUC=0.9997 acc=0.8133 | 24.5s
    linear:  AUC=0.9239 ± 0.0158
    lin-PCs: AUC=0.8604 ± 0.0414
    fold 0: alpha=100.0 test_AUC=0.8791 train_AUC=0.9478 acc=0.7844 | 21.4s
    fold 1: alpha=0.1 test_AUC=0.8762 train_AUC=0.9452 acc=0.8024 | 18.6s
    fold 2: alpha=10.0 test_AUC=0.8489 train_AUC=0.9544 acc=0.7530 | 15.0s
    fold 3: alpha=100.0 test_AUC=0.8720 train_AUC=0.9517 acc=0.8072 | 17.9s
    fold 4: alpha=100.0 test_AUC=0.8181 train_AUC=0.9589 acc=0.7349 | 20.4s
    quad:    AUC=0.8588 ± 0.0257

  === L60 ===
    fold 0: test_AUC=0.9043 train_AUC=1.0000 acc=0.8263 | 91.3s
    fold 1: test_AUC=0.9046 train_AUC=1.0000 acc=0.8144 | 73.1s
    fold 2: test_AUC=0.8868 train_AUC=1.0000 acc=0.8193 | 97.2s
    fold 3: test_AUC=0.9374 train_AUC=1.0000 acc=0.8133 | 113.0s
    fold 4: test_AUC=0.9116 train_AUC=1.0000 acc=0.8253 | 120.4s
    linear:  AUC=0.9089 ± 0.0184
    lin-PCs: AUC=0.8502 ± 0.0299
    fold 0: alpha=0.1 test_AUC=0.8540 train_AUC=0.9277 acc=0.7964 | 14.6s
    fold 1: alpha=100.0 test_AUC=0.8398 train_AUC=0.9393 acc=0.7904 | 15.3s
    fold 2: alpha=100.0 test_AUC=0.8225 train_AUC=0.9367 acc=0.7771 | 20.0s
    fold 3: alpha=100.0 test_AUC=0.8389 train_AUC=0.9368 acc=0.7651 | 15.5s
    fold 4: alpha=0.1 test_AUC=0.7879 train_AUC=0.9442 acc=0.7289 | 20.8s
    quad:    AUC=0.8286 ± 0.0253

finished. wall=12437.4s. wrote /lambda/nfs/georgia/mechhack/experiments/17_quadratic_probe_omar/results/refusal_gemma_d16_sweep.json
