[refusal layer sweep + concat]

loading 832 extracts...
  loaded 200/832 in 256.3s
  loaded 400/832 in 549.9s
  loaded 600/832 in 837.2s
  loaded 800/832 in 1068.2s
loaded 832 ok, 0 skipped. layer_idxs=[0, 5, 10, 15, 20, 25, 30, 35, 40, 45, 50, 55, 60]

=== per-layer LR (mean-pool) ===
  mean L 0: AUC=0.8516 ± 0.0258
  mean L 5: AUC=0.8322 ± 0.0282
  mean L10: AUC=0.8702 ± 0.0233
  mean L15: AUC=0.8803 ± 0.0174
  mean L20: AUC=0.8933 ± 0.0281
  mean L25: AUC=0.9117 ± 0.0238
  mean L30: AUC=0.9316 ± 0.0132
  mean L35: AUC=0.9386 ± 0.0130
  mean L40: AUC=0.9445 ± 0.0188
  mean L45: AUC=0.9231 ± 0.0190
  mean L50: AUC=0.9247 ± 0.0162
  mean L55: AUC=0.9239 ± 0.0158
  mean L60: AUC=0.9089 ± 0.0184

=== per-layer LR (last-token) ===
  last L 0: AUC=0.5000 ± 0.0000
  last L 5: AUC=0.8102 ± 0.0317
  last L10: AUC=0.8404 ± 0.0151
  last L15: AUC=0.8571 ± 0.0316
  last L20: AUC=0.8802 ± 0.0330
  last L25: AUC=0.8978 ± 0.0216
  last L30: AUC=0.9039 ± 0.0137
  last L35: AUC=0.9354 ± 0.0103
  last L40: AUC=0.9491 ± 0.0090
  last L45: AUC=0.9528 ± 0.0040
  last L50: AUC=0.9464 ± 0.0115
  last L55: AUC=0.9426 ± 0.0170
  last L60: AUC=0.9456 ± 0.0147

=== multi-layer concat (mean-pool, all 13 layers) ===
concat features: (832, 69888)
  fold 0: best_C=1.0, AUC=0.9220, |w|_1=667.2
  fold 1: best_C=0.1, AUC=0.9260, |w|_1=369.2
  fold 2: best_C=0.1, AUC=0.9144, |w|_1=368.2
  fold 3: best_C=0.01, AUC=0.9531, |w|_1=159.1
  fold 4: best_C=0.1, AUC=0.9270, |w|_1=369.0

=== HEADLINES ===
  Best per-layer mean-pool: L40 AUC=0.9445
  Best per-layer last-tok:  L45 AUC=0.9528
  Multi-layer concat:           AUC=0.9285 (C=0.1)
  Exp 11 baseline (mean L32):   AUC=0.9265
wrote /lambda/nfs/georgia/mechhack/experiments/18_refusal_layer_sweep_omar/results.json
wrote /lambda/nfs/georgia/mechhack/experiments/18_refusal_layer_sweep_omar/auc_vs_layer.png
